1102
119 91
118 92
117 92
116 93
120 89
120 88
119 87
119 86
119 85
119 84
118 83
118 82
118 81
118 80
118 79
117 78
117 77
117 76
117 75
116 74
116 73
116 72
115 93
114 93
113 93
112 93
111 93
110 93
109 93
108 93
107 93
106 93
105 93
104 93
103 93
102 93
101 93
100 93
99 93
98 93
97 93
96 93
95 93
116 71
116 70
116 69
116 68
116 67
116 66
116 65
116 64
116 63
116 62
116 61
116 60
116 59
116 58
116 57
116 56
116 55
121 90
122 90
123 91
124 91
125 91
126 91
127 91
128 91
129 92
130 92
131 92
132 92
133 92
134 92
135 93
136 93
137 93
137 92
137 91
137 90
137 89
137 88
137 87
137 86
136 85
136 84
136 83
136 82
136 81
136 80
136 79
136 78
136 77
136 76
136 75
137 74
137 73
137 72
137 71
137 94
137 95
137 96
137 97
137 98
137 99
137 100
136 101
136 102
136 103
136 104
136 105
136 106
136 107
136 108
137 70
137 69
137 68
137 67
137 66
137 65
137 64
136 63
136 62
136 61
136 60
136 59
136 58
136 57
136 56
95 94
95 95
95 96
94 97
94 98
94 99
94 100
94 101
94 102
94 103
94 104
93 105
93 106
93 107
93 108
138 93
139 93
135 108
134 109
133 109
132 109
131 110
130 110
129 110
128 110
127 111
126 111
125 111
124 112
123 112
122 112
121 113
120 113
119 113
118 113
117 114
116 114
92 108
138 71
139 71
140 71
141 71
142 71
143 71
144 71
145 71
146 71
147 71
148 71
149 71
150 71
151 71
152 71
153 71
154 71
155 71
156 71
157 71
158 71
136 109
136 110
136 111
136 112
136 113
136 114
136 115
137 116
137 117
137 118
137 119
137 120
137 121
137 122
137 123
93 109
93 110
93 111
93 112
93 113
93 114
93 115
93 116
93 117
93 118
93 119
93 120
93 121
93 122
93 123
92 123
91 123
90 123
89 123
88 123
87 123
86 123
85 123
84 123
83 123
82 123
81 123
80 123
79 123
78 123
77 123
76 123
75 123
74 123
73 123
72 123
116 115
116 116
116 117
116 118
116 119
116 120
116 121
116 122
72 122
72 121
72 120
72 119
72 118
72 117
72 116
71 115
71 114
71 113
71 112
71 111
71 110
71 109
71 108
158 70
158 69
158 68
158 67
158 66
158 65
158 64
158 63
158 62
158 61
158 60
158 59
158 58
158 57
158 56
71 107
71 106
71 105
71 104
71 103
71 102
71 101
72 100
72 99
72 98
72 97
72 96
72 95
72 94
72 93
157 56
137 124
137 125
137 126
136 127
136 128
136 129
72 124
72 125
72 126
71 127
71 128
71 129
72 92
72 91
72 90
72 89
72 88
72 87
72 86
71 85
71 84
71 83
71 82
71 81
71 80
71 79
71 78
71 77
138 123
139 123
140 123
141 123
142 123
143 123
144 123
145 123
146 123
147 123
148 123
149 123
150 123
151 123
152 123
153 123
154 123
155 123
156 123
157 123
158 123
71 76
71 75
72 74
72 73
72 72
72 71
116 123
116 124
116 125
116 126
116 127
116 128
116 129
116 130
116 131
116 132
116 133
116 134
116 135
116 136
116 137
116 138
116 139
116 140
116 141
116 142
116 143
71 93
70 93
69 93
68 93
67 93
66 93
65 93
64 93
63 93
62 93
61 93
60 93
59 93
58 93
57 93
56 93
55 93
54 93
53 93
52 93
51 93
71 130
71 131
72 132
72 133
72 134
72 135
72 136
72 137
73 138
73 139
73 140
73 141
73 142
74 143
74 144
74 145
70 77
69 76
68 76
67 76
66 76
65 75
64 75
63 75
62 75
61 74
60 74
59 74
58 74
57 73
56 73
55 73
54 73
53 72
52 72
51 72
50 93
49 93
48 93
47 93
46 93
45 93
44 93
43 93
42 94
41 94
40 94
39 94
38 94
37 94
36 94
35 94
34 94
33 94
50 72
49 72
48 72
47 72
46 72
45 72
44 72
43 72
42 73
41 73
40 73
39 73
38 73
37 73
36 73
35 73
34 73
33 73
33 72
33 71
33 70
33 69
33 68
33 67
33 66
33 65
33 64
33 63
33 62
33 61
33 60
33 59
33 58
33 57
33 56
33 55
33 54
33 53
33 52
72 70
72 69
72 68
72 67
72 66
72 65
72 64
71 63
71 62
71 61
71 60
71 59
71 58
71 57
71 56
158 122
158 121
158 120
158 119
158 118
158 117
158 116
158 115
158 114
158 113
158 112
158 111
158 110
158 109
158 108
158 107
158 106
158 105
159 104
159 103
159 102
159 101
159 100
159 99
159 98
159 97
160 96
160 95
160 94
160 93
73 93
74 93
73 145
72 145
71 145
70 144
69 144
68 144
67 144
66 144
65 144
64 144
63 144
62 143
61 143
60 143
59 143
136 130
136 131
136 132
136 133
136 134
136 135
136 136
136 137
137 138
137 139
137 140
137 141
137 142
137 143
137 144
137 145
51 71
51 70
58 142
57 142
56 141
55 141
54 140
53 140
52 139
51 139
50 139
49 138
48 138
47 137
46 137
157 108
34 52
35 52
36 51
37 51
38 51
39 51
40 50
41 50
73 71
74 71
75 71
76 71
77 71
78 71
79 71
80 71
81 71
82 71
83 71
84 71
85 71
86 71
87 71
88 71
89 71
90 71
91 71
92 71
93 71
46 136
46 135
47 134
47 133
47 132
47 131
48 130
48 129
48 128
42 50
43 50
44 50
45 49
46 49
47 49
48 49
138 145
139 145
75 145
76 145
77 145
78 145
79 145
80 145
81 145
82 145
83 145
84 145
85 145
86 145
87 145
88 145
89 145
90 145
91 145
92 145
93 145
94 145
95 145
93 70
93 69
93 68
93 67
93 66
93 65
93 64
93 63
93 62
93 61
93 60
93 59
93 58
93 57
93 56
48 127
48 126
49 125
49 124
49 123
49 122
50 121
50 120
50 119
50 118
50 117
51 116
51 115
51 114
45 137
44 137
43 137
42 136
41 136
40 136
39 136
38 136
37 136
36 135
35 135
34 135
33 135
48 48
47 47
47 46
47 45
92 56
140 145
141 145
142 145
143 145
144 145
145 145
146 145
147 145
148 145
149 145
150 145
151 145
152 145
153 145
154 145
155 145
156 145
157 145
158 145
159 145
160 145
50 114
49 114
48 114
47 114
46 114
45 114
44 114
43 114
42 115
41 115
40 115
39 115
38 115
37 115
36 115
35 115
34 115
33 115
48 44
49 43
50 42
51 41
52 40
53 40
54 39
55 38
56 37
57 36
58 35
59 34
60 34
61 34
62 34
63 34
64 34
65 34
66 34
67 34
68 34
69 34
70 34
71 34
72 34
73 34
74 34
75 34
76 34
77 34
78 34
79 34
80 34
81 34
82 34
83 34
84 34
85 34
86 34
87 34
88 34
89 34
90 34
91 34
92 34
93 34
94 34
95 34
96 34
97 34
98 34
99 34
100 34
101 34
102 34
103 34
104 34
105 34
106 34
107 34
108 34
109 34
110 34
111 34
112 34
113 34
114 34
115 34
116 34
117 34
118 34
119 34
120 34
121 34
122 34
123 34
124 34
125 34
126 34
127 34
128 34
129 34
130 34
131 34
132 34
133 34
134 34
135 34
136 34
137 34
138 34
139 34
140 34
141 34
142 34
143 34
144 34
145 34
146 34
147 34
148 34
149 34
150 34
151 34
152 34
153 34
154 34
155 34
156 34
157 34
158 34
159 34
160 34
161 34
162 34
163 34
164 34
165 34
166 34
167 34
168 34
169 34
170 34
171 34
172 34
173 34
174 34
175 34
176 34
177 34
178 34
179 34
180 34
181 34
181 35
181 36
181 37
181 38
181 39
181 40
181 41
181 42
181 43
181 44
181 45
181 46
181 47
182 47
183 47
184 46
185 46
186 46
187 46
188 45
189 45
190 45
181 48
181 49
181 50
181 51
181 52
181 53
181 54
181 55
181 56
181 57
181 58
181 59
181 60
181 61
181 62
181 63
181 64
181 65
181 66
181 67
181 68
191 45
192 46
193 46
194 47
195 47
196 47
197 48
198 48
199 49
200 49
201 50
202 50
203 50
204 50
205 50
206 51
207 51
208 51
209 51
210 51
211 51
212 52
213 52
214 52
215 52
202 51
202 52
203 53
203 54
203 55
203 56
204 57
204 58
204 59
204 60
205 61
205 62
205 63
205 64
205 65
205 66
204 67
204 68
204 69
204 70
204 71
204 72
204 73
204 74
204 75
204 76
204 77
205 78
205 79
205 80
205 81
205 82
205 83
205 84
205 85
204 86
204 87
204 88
204 89
204 90
204 91
204 92
204 93
204 94
204 95
205 96
205 97
205 98
205 99
205 100
205 101
205 102
205 103
205 104
205 105
205 106
204 107
204 108
204 109
204 110
204 111
204 112
204 113
204 114
204 115
204 116
205 117
205 118
205 119
205 120
205 121
205 122
205 123
205 124
205 125
204 125
203 126
202 126
201 127
200 127
199 128
198 128
197 129
196 129
195 130
195 131
194 132
194 133
193 134
193 135
192 136
192 137
191 138
191 139
190 140
205 126
205 127
206 128
206 129
206 130
206 131
206 132
206 133
207 134
207 135
207 136
189 140
188 141
187 141
186 141
185 142
184 142
183 142
182 143
181 143
181 142
181 141
181 140
181 139
181 138
181 137
181 136
181 135
181 134
181 133
181 132
181 131
181 130
181 129
181 128
181 127
181 126
181 125
181 124
181 123
181 122
181 121
181 120
181 119
181 118
181 117
181 116
181 115
181 114
181 113
181 112
181 111
181 110
181 109
181 108
181 107
181 106
181 105
181 104
181 103
181 102
181 101
181 100
181 99
181 98
181 97
181 96
181 95
181 94
181 93
181 92
181 91
181 90
181 89
83
205 125
205 104
205 83
205 62
181 131
181 110
181 89
181 68
181 47
160 34
158 123
158 71
139 34
137 123
137 71
118 34
97 34
93 123
93 71
76 34
72 123
72 71
116 143
51 93
48 128
48 49
116 93
160 145
139 145
95 145
74 145
51 72
116 122
116 72
33 115
33 94
33 73
33 52
136 108
136 56
71 108
71 56
158 108
158 56
93 108
93 56
160 93
139 93
95 93
74 93
116 55
59 34
51 114
202 50
181 34
59 143
181 143
33 135
116 114
196 129
137 145
51 70
215 52
137 93
72 93
204 108
204 87
190 45
47 45
46 137
204 71
157 108
157 56
136 129
136 77
92 108
92 56
71 129
71 77
41 50
190 140
207 136
58 142
