3107
279 203
279 204
279 205
279 206
279 207
279 208
279 209
280 209
281 210
282 210
283 210
284 211
285 211
286 212
287 212
288 212
289 213
290 213
291 213
292 214
293 214
294 215
295 215
296 215
297 216
298 216
299 216
300 216
301 215
302 215
303 215
304 215
305 214
306 214
307 214
308 214
309 213
310 213
311 213
312 213
313 212
314 212
315 212
316 211
317 211
318 211
319 210
320 210
321 210
322 209
323 209
324 209
325 208
326 208
311 212
310 211
310 210
310 209
309 208
309 207
309 206
308 205
308 204
308 203
307 202
307 201
307 200
306 199
306 198
306 197
305 196
305 195
305 194
304 193
304 192
279 210
279 211
278 212
278 213
278 214
278 215
278 216
277 217
277 218
277 219
277 220
276 221
276 222
276 223
276 224
276 225
275 226
275 227
275 228
278 209
277 209
276 210
275 210
274 210
273 210
272 210
271 211
270 211
269 211
268 211
267 212
266 212
265 212
264 212
263 212
262 213
261 213
260 213
274 228
273 229
272 229
271 230
270 230
269 231
268 231
267 232
266 232
265 232
264 233
263 233
262 234
261 234
260 235
259 235
258 236
257 236
298 217
299 218
299 219
299 220
299 221
300 222
300 223
300 224
301 225
301 226
301 227
301 228
302 229
302 230
256 236
255 237
254 237
253 238
252 238
251 239
250 239
249 240
248 240
247 241
246 241
245 242
244 242
260 212
260 211
260 210
260 209
260 208
260 207
260 206
259 205
259 204
259 203
259 202
259 201
259 200
259 199
259 198
243 241
243 240
242 239
242 238
241 237
241 236
240 235
240 234
239 233
239 232
238 231
238 230
237 229
237 228
237 227
237 226
237 225
237 224
237 223
237 222
237 221
237 220
237 219
237 218
237 217
237 216
237 215
237 214
237 213
237 212
237 211
237 210
237 209
237 208
236 229
235 229
234 229
233 229
232 229
231 229
230 229
229 229
228 229
227 229
226 229
225 229
224 229
223 229
222 229
221 229
220 229
219 229
218 229
217 229
216 229
245 243
246 244
246 245
247 246
248 247
249 248
250 249
250 250
251 251
252 252
253 253
254 254
254 255
255 256
256 257
243 243
242 243
241 244
240 244
239 245
238 245
237 246
236 246
235 247
234 247
233 248
232 248
231 249
230 249
229 250
228 250
227 251
226 251
225 252
224 252
257 257
258 257
259 257
260 257
261 256
262 256
263 256
264 256
265 256
266 256
267 256
268 256
269 256
270 256
271 255
272 255
273 255
274 255
275 255
255 258
254 258
253 259
252 260
251 260
250 261
249 261
248 262
247 263
246 263
245 264
245 265
245 266
246 267
246 268
246 269
246 270
246 271
246 272
247 273
247 274
247 275
237 207
236 206
236 205
236 204
276 255
277 256
278 256
279 256
280 257
281 257
282 257
283 257
284 258
285 258
286 258
287 259
288 259
235 204
234 204
233 205
232 205
231 205
230 205
229 205
228 206
227 206
226 206
225 206
224 206
223 207
222 207
221 207
220 207
219 207
218 208
217 208
216 208
247 276
248 277
248 278
248 279
249 280
249 281
249 282
250 283
250 284
251 285
251 286
251 287
252 288
252 289
253 289
254 288
255 288
256 288
257 288
258 287
259 287
260 287
261 286
262 286
263 286
264 285
265 285
266 285
267 285
268 284
269 284
288 258
288 257
288 256
288 255
288 254
289 253
289 252
289 251
289 250
289 249
289 248
270 284
271 285
272 285
273 286
274 286
275 287
276 287
277 288
278 288
279 289
280 289
281 290
282 290
283 291
216 207
216 206
216 205
215 204
215 203
215 202
215 201
288 260
287 261
287 262
287 263
287 264
286 265
286 266
284 291
285 291
286 290
287 290
288 290
289 290
290 289
291 289
292 289
293 289
294 288
295 288
296 288
297 289
298 289
299 290
300 290
301 291
302 291
303 292
304 292
305 293
306 293
307 294
214 201
213 201
212 201
211 201
210 201
209 201
208 201
207 201
206 201
205 200
204 200
203 200
202 200
201 200
200 200
199 200
198 200
197 200
196 200
195 200
307 295
307 296
306 297
306 298
306 299
306 300
306 301
305 302
305 303
305 304
305 305
305 306
304 307
304 308
304 309
305 310
306 310
307 311
308 312
309 313
310 313
311 314
312 315
313 316
314 316
315 317
316 318
317 319
318 320
319 320
320 321
321 322
195 201
195 202
195 203
195 204
195 205
195 206
195 207
195 208
194 200
193 200
192 200
191 200
190 200
189 200
188 200
187 200
186 200
185 200
184 201
183 201
182 201
181 201
180 201
179 201
178 201
177 201
176 201
175 201
174 201
303 309
302 309
301 309
300 309
299 309
298 309
297 309
296 309
295 309
294 309
293 309
292 309
291 309
290 309
289 309
288 309
287 309
320 323
320 324
319 325
318 326
318 327
317 328
317 329
316 330
315 331
315 332
314 333
308 294
309 294
310 295
311 295
312 295
313 295
314 295
315 296
316 296
317 296
318 296
319 297
320 297
321 297
286 310
285 310
284 311
283 311
282 312
281 312
280 313
279 313
278 314
313 333
312 332
311 332
310 332
309 332
308 331
307 331
306 331
305 330
304 330
303 330
302 330
301 329
300 329
277 313
276 312
275 311
274 310
273 309
272 308
272 307
271 306
270 305
269 304
268 303
267 302
174 200
173 199
173 198
173 197
322 296
322 295
323 294
323 293
324 292
324 291
325 290
325 289
266 303
265 303
264 304
263 305
262 306
261 306
260 307
259 308
258 309
257 309
256 310
195 209
195 210
195 211
195 212
195 213
195 214
195 215
195 216
195 217
195 218
195 219
195 220
195 221
195 222
195 223
195 224
195 225
195 226
195 227
195 228
195 229
174 202
174 203
174 204
174 205
174 206
174 207
174 208
174 209
174 210
174 211
174 212
174 213
174 214
174 215
174 216
174 217
174 218
174 219
174 220
174 221
174 222
173 222
172 222
171 222
170 222
169 222
168 222
167 222
166 222
165 222
164 222
163 221
162 221
161 221
160 221
159 221
158 221
157 221
156 221
155 221
154 221
153 221
299 329
298 329
297 329
296 329
295 330
294 330
293 330
292 330
291 330
290 330
289 330
288 330
287 331
286 331
285 331
284 331
283 331
255 311
254 311
253 312
252 313
251 313
250 314
249 315
248 315
247 316
246 317
245 317
244 318
282 331
281 331
280 331
279 331
278 332
277 332
276 332
275 332
274 332
273 332
272 332
271 331
270 331
269 331
268 330
267 330
266 330
265 329
264 329
324 288
323 287
322 286
321 285
152 221
151 220
150 220
149 220
263 330
262 331
261 332
260 333
259 334
258 334
257 335
256 336
255 337
254 338
253 339
252 339
251 339
250 339
249 339
248 339
247 339
246 339
245 339
244 339
243 339
242 339
241 339
240 339
239 339
238 339
237 339
236 339
235 339
234 339
233 339
232 339
195 230
195 231
196 232
196 233
196 234
196 235
196 236
197 237
197 238
197 239
197 240
197 241
197 242
198 243
198 244
198 245
198 246
198 247
199 248
199 249
199 250
148 220
147 220
146 220
145 220
144 220
143 220
142 220
141 220
140 220
139 220
138 219
137 219
136 219
135 219
134 219
133 219
132 219
131 219
130 219
129 219
128 219
127 219
126 219
125 219
124 220
123 220
122 220
121 220
120 220
119 220
118 220
117 221
116 221
115 221
114 221
113 221
112 221
111 221
110 222
109 222
108 222
107 222
231 338
231 337
230 336
230 335
229 334
228 333
228 332
227 331
227 330
226 329
225 328
225 327
224 326
224 325
223 324
320 284
319 283
318 282
317 281
316 280
315 279
314 279
313 278
312 277
311 276
310 275
309 274
308 273
273 333
273 334
273 335
273 336
274 337
274 338
274 339
274 340
274 341
274 342
274 343
274 344
275 345
275 346
275 347
275 348
275 349
198 250
197 250
196 250
195 250
194 250
193 250
192 250
191 250
190 250
232 340
232 341
232 342
232 343
232 344
232 345
232 346
232 347
232 348
232 349
232 350
232 351
232 352
232 353
232 354
232 355
232 356
107 221
106 220
106 219
106 218
105 217
105 216
105 215
105 214
104 213
104 212
104 211
103 210
103 209
322 284
323 283
323 282
324 281
325 280
326 279
326 278
327 277
328 276
329 275
329 274
330 273
276 349
277 349
278 349
279 349
280 349
281 349
282 349
283 349
284 349
285 349
286 349
287 349
288 349
289 349
290 349
291 349
292 349
293 349
274 350
274 351
273 352
273 353
272 354
272 355
271 356
271 357
270 358
270 359
269 360
269 361
268 362
268 363
267 364
267 365
266 366
107 223
107 224
108 225
108 226
108 227
108 228
108 229
109 230
109 231
109 232
109 233
109 234
109 235
110 236
110 237
110 238
110 239
110 240
111 241
111 242
111 243
102 210
101 210
100 211
99 212
98 212
97 213
96 214
95 214
94 215
93 215
92 216
91 217
90 217
89 218
88 219
87 219
86 220
231 356
230 355
229 355
228 354
227 354
226 353
225 353
224 352
223 352
222 351
221 351
220 350
219 350
103 208
103 207
103 206
103 205
103 204
103 203
103 202
103 201
104 200
104 199
104 198
104 197
104 196
104 195
104 194
104 193
104 192
104 191
110 243
109 243
108 243
107 243
106 242
105 242
104 242
103 242
102 242
101 242
100 242
99 242
98 241
97 241
96 241
95 241
94 241
265 366
264 366
263 365
262 365
261 365
260 365
259 364
258 364
257 364
256 364
255 364
254 363
253 363
252 363
189 250
188 249
187 249
186 249
185 248
184 248
183 248
182 248
181 247
180 247
179 247
178 246
177 246
176 246
175 245
174 245
173 245
172 245
171 244
170 244
267 366
268 366
269 366
270 366
271 367
272 367
273 367
274 367
275 367
276 367
277 367
278 367
279 368
280 368
281 368
282 368
283 368
93 241
92 241
91 241
90 241
89 241
88 241
87 241
86 241
85 241
84 241
83 240
82 240
81 240
80 240
79 240
78 240
77 240
76 240
75 240
74 240
73 240
170 245
170 246
170 247
170 248
170 249
170 250
170 251
170 252
170 253
170 254
170 255
170 256
170 257
331 273
332 272
333 272
334 271
335 271
336 270
337 270
338 270
339 269
340 269
341 268
342 268
343 267
344 267
345 267
346 266
347 266
348 265
349 265
350 265
351 264
352 264
353 264
354 263
355 263
356 262
357 262
358 262
359 261
360 261
361 260
362 260
294 349
295 349
296 350
297 350
298 350
299 350
300 351
301 351
302 351
303 351
304 352
305 352
306 352
103 190
102 190
101 189
100 188
99 187
98 187
97 186
96 185
95 185
94 184
93 183
92 183
91 182
90 181
89 180
88 180
87 179
343 266
342 265
341 264
340 263
339 262
338 261
337 260
337 259
336 258
335 257
334 256
333 255
332 254
331 253
307 352
308 352
309 353
310 353
311 353
312 353
313 353
314 353
315 354
316 354
317 354
169 244
168 244
167 244
166 244
165 244
164 244
163 244
162 244
161 244
160 244
159 245
158 245
157 245
156 245
155 245
154 245
153 245
152 245
151 245
150 245
149 245
148 245
105 191
106 192
107 192
108 193
109 193
110 194
111 194
112 195
113 195
114 196
115 196
116 197
117 197
118 198
119 198
87 180
86 181
86 182
86 183
85 184
85 185
85 186
84 187
84 188
83 189
83 190
83 191
82 192
82 193
82 194
81 195
81 196
72 240
71 240
70 239
69 239
68 239
67 239
66 239
65 239
64 238
63 238
62 238
80 197
79 197
78 198
77 199
76 200
75 200
74 201
73 202
72 202
71 203
70 204
69 204
68 205
67 206
66 207
65 207
64 208
218 350
217 350
216 350
215 349
214 349
213 349
212 349
211 349
210 349
209 349
208 348
207 348
206 348
205 348
204 348
203 348
202 348
201 348
200 347
199 347
198 347
197 347
80 195
79 195
78 194
77 193
76 193
75 192
74 191
73 191
72 190
71 189
70 189
69 188
68 187
67 187
66 186
306 353
306 354
306 355
306 356
306 357
306 358
306 359
306 360
305 361
305 362
305 363
305 364
305 365
305 366
305 367
305 368
147 245
146 245
145 244
144 244
143 244
142 244
141 244
140 243
139 243
138 243
137 243
136 243
135 242
134 242
133 242
363 260
364 261
365 261
366 262
367 262
368 262
369 263
370 263
371 264
372 264
361 259
361 258
360 257
359 256
359 255
358 254
357 253
357 252
356 251
355 250
355 249
354 248
353 247
353 246
352 245
306 368
307 369
308 369
309 369
310 369
311 370
312 370
313 370
314 371
315 371
316 371
317 371
318 372
319 372
330 253
329 253
328 253
327 253
326 253
325 253
324 253
323 253
322 253
321 253
320 253
319 253
318 253
317 253
316 253
315 252
314 252
313 252
312 252
311 252
310 252
309 252
308 252
61 238
60 238
59 238
58 238
57 238
56 238
55 237
54 237
53 237
52 237
51 237
50 237
49 237
48 237
62 237
62 236
62 235
62 234
62 233
62 232
62 231
120 197
120 196
121 195
122 194
123 193
123 192
124 191
352 244
351 243
351 242
351 241
350 240
350 239
350 238
349 237
349 236
348 235
348 234
348 233
347 232
347 231
347 230
346 229
346 228
346 227
345 226
345 225
322 252
322 251
322 250
322 249
322 248
323 247
323 246
323 245
323 244
323 243
323 242
323 241
323 240
323 239
323 238
324 237
324 236
324 235
324 234
324 233
324 232
197 346
197 345
197 344
197 343
197 342
198 341
198 340
198 339
198 338
198 337
198 336
198 335
198 334
198 333
198 332
199 331
199 330
199 329
199 328
199 327
199 326
196 347
195 346
194 346
193 346
192 345
191 345
190 345
189 344
188 344
187 344
186 344
185 343
184 343
183 343
182 342
181 342
180 342
179 341
178 341
178 340
178 339
178 338
178 337
178 336
178 335
178 334
178 333
178 332
178 331
178 330
178 329
178 328
178 327
178 326
178 325
178 324
178 323
178 322
178 321
178 320
47 237
46 236
45 236
44 236
43 235
42 235
41 235
40 234
39 234
38 234
37 233
36 233
35 233
34 232
33 232
32 232
31 231
30 231
373 264
374 264
375 264
376 265
377 265
378 265
379 265
380 265
381 265
382 265
383 265
384 266
385 266
386 266
387 266
345 224
345 223
345 222
345 221
346 220
346 219
346 218
346 217
346 216
346 215
346 214
346 213
346 212
346 211
347 210
347 209
347 208
347 207
347 206
347 205
372 263
372 262
372 261
372 260
372 259
372 258
373 257
373 256
373 255
373 254
373 253
373 252
373 251
388 265
388 264
389 263
390 262
390 261
391 260
392 259
393 258
393 257
394 256
395 255
395 254
396 253
347 204
347 203
347 202
347 201
348 200
348 199
348 198
348 197
348 196
125 191
126 191
127 191
128 192
129 192
130 192
131 192
132 192
133 192
134 193
135 193
136 193
137 193
138 193
139 193
140 194
141 194
142 194
199 325
199 324
199 323
200 322
200 321
200 320
200 319
178 319
177 318
177 317
176 316
176 315
177 341
176 341
175 342
174 342
173 342
172 342
30 230
29 229
29 228
348 195
348 194
348 193
348 192
348 191
348 190
348 189
348 188
348 187
349 186
349 185
349 184
349 183
349 182
349 181
349 180
349 179
349 178
349 177
349 176
143 194
144 195
145 195
146 196
147 196
148 197
149 197
397 254
398 255
398 256
399 257
400 258
401 259
402 260
402 261
403 262
404 263
405 264
406 265
406 266
407 267
408 268
409 267
409 266
410 265
410 264
411 263
411 262
412 261
413 260
413 259
414 258
414 257
415 256
415 255
416 254
416 253
417 252
30 227
31 226
32 225
33 225
34 224
35 223
36 222
37 221
38 220
39 219
40 219
41 218
42 217
43 216
349 175
349 174
350 173
350 172
350 171
350 170
350 169
351 168
351 167
351 166
351 165
351 164
351 163
351 162
351 161
351 160
351 159
351 158
351 157
351 156
351 155
351 154
351 153
351 152
351 151
351 150
351 149
351 148
351 147
350 147
349 148
348 148
347 149
346 149
345 149
344 150
343 150
342 150
341 151
340 151
339 152
338 152
337 152
336 153
335 153
334 153
333 154
332 154
331 155
330 155
409 268
410 268
411 268
412 269
413 269
414 269
415 269
416 269
417 269
418 269
419 270
420 270
421 270
422 270
423 270
424 270
425 270
426 271
427 271
428 271
429 271
42 215
41 214
40 214
39 213
38 212
37 211
36 210
35 210
34 209
33 208
32 207
31 207
30 206
29 205
330 154
330 153
330 152
330 151
330 150
330 149
330 148
329 147
329 146
329 145
329 144
329 143
329 142
329 141
329 140
330 156
329 157
329 158
329 159
328 160
328 161
327 162
327 163
430 270
430 269
431 268
432 267
432 266
433 265
434 264
434 263
435 262
435 261
436 260
437 259
437 258
438 257
29 204
29 203
29 202
29 201
30 200
30 199
30 198
30 197
30 196
30 195
351 146
351 145
352 144
352 143
352 142
352 141
353 140
353 139
353 138
439 257
440 258
441 258
442 258
443 258
444 259
445 259
446 259
447 260
448 260
449 260
450 260
451 261
452 261
327 164
327 165
327 166
327 167
327 168
327 169
327 170
327 171
327 172
327 173
328 174
328 175
328 176
328 177
328 178
328 179
328 180
328 181
328 182
328 183
328 184
30 194
30 193
30 192
30 191
30 190
30 189
30 188
30 187
30 186
30 185
30 184
30 183
30 182
30 181
30 180
30 179
30 178
30 177
30 176
30 175
30 174
31 195
32 194
33 194
34 194
35 194
36 193
37 193
38 193
39 193
40 192
41 192
42 192
43 192
44 191
45 191
353 137
353 136
353 135
353 134
354 133
354 132
354 131
354 130
354 129
30 173
30 172
30 171
30 170
30 169
453 260
454 260
455 259
456 258
457 257
458 257
459 256
354 128
354 127
354 126
354 125
354 124
354 123
354 122
354 121
354 120
354 119
354 118
354 117
354 116
354 115
354 114
354 113
354 112
354 111
354 110
354 109
354 108
460 256
461 255
462 255
463 255
464 255
465 254
466 254
467 254
468 253
469 253
470 253
471 253
472 252
473 252
474 252
475 251
476 251
477 251
478 251
479 250
480 250
354 107
354 106
354 105
354 104
355 103
355 102
355 101
355 100
355 99
355 98
31 168
32 168
33 167
34 166
35 165
36 165
37 164
38 163
39 162
40 162
41 161
481 249
481 248
482 247
482 246
483 245
483 244
484 243
484 242
485 241
485 240
486 239
486 238
487 237
487 236
481 250
482 251
483 251
484 252
485 252
486 253
487 253
488 253
489 254
490 254
491 255
492 255
493 255
494 256
495 256
496 257
497 257
498 258
499 258
488 236
489 236
490 236
491 236
492 236
493 236
494 237
495 237
496 237
497 237
498 237
499 237
40 160
39 159
38 158
38 157
37 156
36 155
35 154
34 153
33 152
33 151
32 150
31 149
30 148
42 162
43 163
44 164
45 165
45 166
46 167
47 168
48 169
49 170
498 259
498 260
497 261
497 262
496 263
496 264
495 265
495 266
494 267
494 268
493 269
493 270
492 271
500 237
501 236
502 236
503 235
504 235
505 234
506 234
507 233
508 233
509 232
510 232
511 231
512 231
513 230
514 230
515 229
30 147
30 146
30 145
30 144
30 143
31 142
31 141
31 140
31 139
31 138
31 137
31 136
31 135
31 134
31 133
32 132
32 131
32 130
32 129
32 128
32 127
492 272
491 273
491 274
491 275
490 276
490 277
489 278
489 279
514 228
513 227
512 226
511 225
510 224
510 223
509 222
508 221
507 220
506 219
515 230
516 231
516 232
516 233
517 234
517 235
517 236
518 237
518 238
518 239
519 240
519 241
519 242
520 243
520 244
520 245
521 246
521 247
507 218
507 217
508 216
508 215
509 214
510 213
510 212
511 211
511 210
512 209
513 208
513 207
514 206
514 205
515 204
489 280
488 281
488 282
487 283
487 284
486 285
486 286
485 287
485 288
484 289
32 126
31 125
31 124
31 123
31 122
30 121
30 120
30 119
31 118
32 117
33 116
34 115
34 114
35 113
36 112
37 111
38 110
521 248
521 249
521 250
521 251
521 252
522 253
522 254
522 255
522 256
522 257
522 258
522 259
522 260
522 261
522 262
522 263
522 264
523 265
523 266
523 267
523 268
523 269
523 270
522 271
522 272
521 273
520 274
520 275
519 276
518 277
517 278
517 279
516 280
515 281
515 282
514 283
515 203
516 202
516 201
516 200
516 199
517 198
517 197
517 196
517 195
518 194
518 193
518 192
518 191
519 190
519 189
519 188
37 109
36 108
35 107
34 106
33 105
32 104
31 103
30 102
29 101
28 100
27 99
26 98
39 109
40 108
41 107
42 106
43 105
44 104
45 103
46 102
47 101
48 100
49 99
515 283
516 284
517 284
518 285
519 285
520 286
521 286
522 287
26 97
27 96
27 95
28 94
28 93
29 92
29 91
29 90
30 89
30 88
31 87
31 86
32 85
32 84
520 187
521 186
522 185
523 184
524 183
525 182
526 181
527 180
528 179
529 178
530 177
531 176
532 175
533 174
534 173
50 100
51 100
52 101
53 101
54 102
55 102
56 103
57 103
58 104
59 104
60 105
60 106
59 107
59 108
58 109
58 110
58 111
57 112
57 113
56 114
56 115
55 116
55 117
55 118
54 119
54 120
53 121
53 122
33 84
34 83
35 83
36 83
37 82
38 82
39 82
40 81
41 81
42 80
43 80
44 80
45 79
46 79
47 79
48 78
49 78
50 77
51 76
52 75
53 74
53 73
54 72
55 71
56 70
535 172
536 172
537 171
538 170
539 169
540 169
541 168
57 71
57 72
58 73
59 74
59 75
60 76
61 77
61 78
62 79
63 80
63 81
64 82
65 83
65 84
66 85
540 167
540 166
539 165
538 164
538 163
537 162
537 161
536 160
535 159
535 158
534 157
533 156
533 155
532 154
532 153
531 152
530 151
530 150
529 149
528 148
528 147
527 146
527 145
526 144
525 143
525 142
524 141
523 140
523 139
522 138
522 137
521 136
57 70
58 69
59 69
60 68
61 68
62 67
63 67
64 66
65 66
66 65
67 65
53 123
53 124
53 125
53 126
53 127
53 128
53 129
53 130
54 131
54 132
54 133
54 134
54 135
54 136
54 137
54 138
54 139
55 69
55 68
54 67
54 66
53 65
52 64
52 63
51 62
51 61
50 60
50 59
49 58
48 58
47 59
46 59
45 59
44 59
43 60
42 60
41 60
40 61
39 61
38 61
37 61
36 62
35 62
520 135
520 134
519 133
518 132
518 131
517 130
516 129
516 128
515 127
515 126
514 125
513 124
513 123
512 122
511 121
511 120
510 119
68 65
69 65
70 65
71 65
72 65
73 66
74 66
75 66
76 66
77 66
78 66
79 66
80 66
81 66
82 66
83 67
84 67
85 67
86 67
87 67
88 67
509 118
508 118
507 117
506 117
505 116
504 116
503 115
34 62
33 63
32 63
31 63
88 68
88 69
88 70
88 71
88 72
88 73
88 74
89 75
89 76
89 77
89 78
89 79
89 80
89 81
89 82
502 115
501 114
500 114
499 113
498 113
497 112
496 112
495 111
494 111
493 110
492 110
90 82
91 82
92 82
93 82
94 83
95 83
96 83
97 83
98 83
99 83
100 83
101 83
102 84
103 84
104 84
105 84
106 84
106 83
106 82
107 81
107 80
107 79
107 78
108 77
108 76
108 75
108 74
108 73
109 72
109 71
109 70
106 85
106 86
106 87
106 88
106 89
106 90
106 91
105 92
105 93
105 94
105 95
105 96
105 97
105 98
107 84
108 84
109 84
110 84
111 83
112 83
113 83
114 83
115 83
116 83
117 83
118 83
119 82
120 82
121 82
122 82
123 83
123 84
124 85
124 86
125 87
126 88
126 89
127 90
123 81
123 80
124 79
125 78
125 77
126 76
126 75
127 74
128 73
128 72
129 71
130 71
131 71
132 72
133 72
134 72
135 72
136 73
137 73
138 73
139 73
140 74
141 74
142 74
143 74
144 75
145 75
128 90
129 90
130 90
131 90
132 91
133 91
134 91
135 91
136 91
137 91
138 91
139 91
140 92
141 92
142 92
143 92
144 92
145 92
146 92
147 92
148 92
149 92
150 92
151 92
152 92
153 92
154 92
155 92
156 92
157 92
158 92
159 92
160 92
160 91
161 90
161 89
162 88
162 87
162 86
163 85
163 84
164 83
164 82
164 81
165 80
165 79
166 78
166 77
161 92
162 93
163 93
164 94
165 94
166 95
167 95
168 96
169 96
170 97
171 97
172 98
173 98
174 97
175 97
176 96
177 95
178 95
179 94
180 93
181 93
182 92
183 91
184 91
185 90
185 89
185 88
185 87
185 86
185 85
184 84
184 83
184 82
184 81
184 80
184 79
184 78
186 91
187 92
188 93
189 94
189 95
190 96
191 97
192 98
193 99
194 100
195 100
196 100
197 100
198 99
199 99
200 99
201 99
202 99
203 99
204 98
205 98
206 98
207 98
207 97
207 96
206 95
206 94
206 93
206 92
206 91
206 90
205 89
205 88
205 87
205 86
205 85
205 84
204 83
204 82
204 81
208 98
209 99
210 99
211 99
212 100
213 100
214 100
215 101
216 101
217 102
218 102
219 102
220 103
221 103
222 103
223 104
224 104
225 104
226 104
227 104
228 104
229 104
230 104
231 104
232 104
233 104
234 104
235 104
236 104
237 104
238 104
239 104
240 104
241 104
242 104
243 104
244 104
245 104
246 104
246 103
246 102
247 101
247 100
247 99
247 98
247 97
247 96
248 95
248 94
248 93
248 92
248 91
248 90
249 89
249 88
249 87
224 103
224 102
224 101
224 100
224 99
224 98
224 97
224 96
224 95
225 94
225 93
225 92
225 91
225 90
225 89
225 88
225 87
225 86
225 85
250 87
251 87
252 87
253 87
254 87
255 88
256 88
257 88
258 88
259 88
260 88
261 88
262 88
263 88
264 88
265 89
266 89
267 89
268 89
269 89
270 89
247 104
248 105
249 105
250 105
251 106
252 106
253 107
254 107
255 107
256 108
257 108
258 108
259 109
260 109
261 110
262 110
271 89
272 89
273 89
274 89
275 89
276 89
277 89
278 89
279 90
280 90
281 90
282 90
283 90
284 90
285 90
286 90
287 90
287 91
287 92
287 93
287 94
287 95
287 96
287 97
287 98
288 99
288 100
288 101
288 102
288 103
288 104
288 105
288 106
288 107
288 90
289 90
290 91
291 91
292 91
293 91
294 91
295 92
296 92
297 92
298 92
299 92
300 93
301 93
302 93
303 93
304 93
305 93
306 93
307 93
308 93
309 93
310 93
311 94
312 94
313 94
314 94
315 94
316 94
317 94
318 94
319 94
320 94
321 94
322 94
323 95
324 95
325 95
326 95
327 95
328 95
329 95
330 96
331 96
332 96
333 96
319 95
319 96
319 97
319 98
319 99
319 100
319 101
319 102
319 103
319 104
319 105
319 106
319 107
319 108
318 108
317 109
316 109
315 110
314 110
313 111
312 111
311 111
310 112
309 112
308 113
307 113
320 109
321 109
322 110
323 111
324 111
325 112
326 112
327 113
328 114
329 114
330 115
331 116
332 116
333 117
307 114
307 115
307 116
307 117
307 118
306 119
306 120
306 121
306 122
306 123
306 124
306 125
306 126
306 127
306 128
305 129
305 130
305 131
305 132
305 133
305 134
305 135
305 136
305 137
304 138
304 139
304 140
304 141
304 142
304 143
304 144
304 145
303 146
303 147
303 148
303 149
303 150
303 151
303 152
303 153
304 154
304 155
304 156
304 157
304 158
304 159
304 160
304 161
304 162
304 163
305 164
305 165
305 166
305 167
305 168
216
522 287
499 258
499 237
452 261
354 108
351 147
349 176
345 225
333 117
331 253
330 155
328 184
325 289
324 232
321 322
317 354
305 168
288 259
256 310
253 339
249 87
237 229
237 208
232 339
225 85
216 229
216 208
199 326
199 250
195 229
195 208
185 90
178 341
178 320
174 222
174 201
149 197
148 245
128 219
119 198
111 243
107 222
81 196
62 238
35 62
32 127
32 84
30 231
429 271
145 75
256 257
326 208
153 221
333 96
408 268
288 107
86 220
489 279
224 252
106 84
29 205
207 98
510 119
387 266
64 208
304 192
275 228
303 149
287 309
30 148
197 347
166 77
66 186
260 213
534 173
305 368
270 89
30 174
66 85
143 92
279 209
219 350
223 324
104 191
283 331
133 242
94 241
305 133
38 110
521 136
302 93
257 236
204 81
262 110
89 82
329 140
252 289
269 284
302 230
127 90
45 191
347 205
480 250
308 273
314 333
417 252
252 363
88 67
296 288
173 98
244 318
224 104
373 251
170 244
372 264
523 270
109 70
275 349
396 253
246 104
298 216
354 129
43 216
506 219
348 196
60 105
289 248
283 368
67 65
54 139
514 283
311 213
521 247
352 245
355 98
49 170
287 90
73 240
319 108
321 297
327 163
184 78
519 188
438 257
319 372
322 253
170 257
307 294
283 291
53 122
142 194
190 250
308 252
344 267
232 356
103 209
129 71
49 58
515 204
195 200
26 98
351 166
275 255
245 264
278 314
273 332
30 195
41 161
487 236
200 319
362 260
306 352
48 237
492 110
62 231
49 78
330 273
300 329
87 179
215 201
353 138
307 113
244 242
160 92
293 349
267 302
176 315
319 94
259 198
172 342
124 191
503 115
266 366
286 266
105 98
31 63
304 309
264 329
247 275
30 169
492 271
173 197
316 318
321 285
484 289
149 220
459 256
515 229
122 82
49 99
56 70
29 228
541 168
30 119
236 204
194 100
