1322
119 91
118 92
117 92
116 93
118 91
121 89
122 88
123 87
124 87
125 86
126 85
127 84
128 83
129 83
130 82
131 81
132 80
133 79
134 79
135 78
136 77
136 76
136 75
137 74
137 73
137 72
137 71
137 70
137 69
137 68
137 67
137 66
137 65
137 64
136 63
136 62
136 61
136 60
136 59
136 58
136 57
136 56
135 56
134 56
133 56
132 56
131 56
130 56
129 56
128 56
127 56
126 55
125 55
124 55
123 55
122 55
121 55
120 55
119 55
118 55
117 55
116 55
116 56
116 57
116 58
116 59
116 60
116 61
116 62
116 63
116 64
116 65
116 66
116 67
116 68
116 69
116 70
116 71
116 72
115 73
114 74
113 75
112 76
111 77
110 78
109 79
108 80
107 81
106 82
105 83
104 84
103 85
102 86
101 87
100 88
99 89
98 90
97 91
96 92
95 93
95 94
95 95
94 96
94 97
94 98
94 99
94 100
93 101
93 102
93 103
93 104
93 105
92 106
92 107
92 108
93 108
93 109
93 110
93 111
93 112
93 113
93 114
93 115
93 116
93 117
93 118
93 119
93 120
93 121
93 122
93 123
92 123
91 123
90 123
89 123
88 123
87 123
86 123
85 123
84 123
83 123
82 123
81 123
80 123
79 123
78 123
77 123
76 123
75 123
74 123
73 123
72 123
72 124
72 125
72 126
71 127
71 128
71 129
70 130
69 131
68 132
67 133
66 134
65 135
64 136
63 137
62 138
61 139
60 140
59 141
58 142
59 143
58 143
57 142
56 142
55 141
54 141
53 140
52 140
51 139
50 139
49 138
48 138
47 137
46 137
46 136
46 135
47 134
47 133
47 132
47 131
48 130
48 129
48 128
48 127
48 126
49 125
49 124
49 123
49 122
50 121
50 120
50 119
50 118
50 117
51 116
51 115
51 114
50 114
49 114
48 114
47 114
46 114
45 114
44 114
43 114
42 115
41 115
40 115
39 115
38 115
37 115
36 115
35 115
34 115
33 115
33 116
33 117
33 118
33 119
33 120
33 121
33 122
33 123
33 124
33 125
33 126
33 127
33 128
33 129
33 130
33 131
33 132
33 133
33 134
33 135
34 134
35 134
36 133
37 132
38 131
39 131
40 130
41 129
42 129
43 128
44 127
45 126
46 126
47 125
48 124
50 123
51 122
52 122
53 121
54 120
55 119
56 119
57 118
58 117
59 117
60 116
61 115
62 114
63 114
64 113
65 112
66 112
67 111
68 110
69 109
70 109
71 108
71 107
71 106
71 105
71 104
71 103
71 102
71 101
72 100
72 99
72 98
72 97
72 96
72 95
72 94
72 93
73 93
74 93
74 92
74 91
73 90
73 89
73 88
73 87
73 86
72 85
72 84
72 83
72 82
72 81
72 80
71 79
71 78
71 77
71 76
71 75
72 74
72 73
72 72
72 71
72 70
72 69
72 68
72 67
72 66
72 65
72 64
71 63
71 62
71 61
71 60
71 59
71 58
71 57
71 56
70 55
69 55
68 54
67 53
66 52
65 52
64 51
63 50
62 49
61 49
60 48
59 47
58 46
57 46
56 45
55 46
54 46
53 47
52 47
51 48
50 48
49 49
48 49
47 48
46 48
45 47
44 47
43 48
43 49
42 50
41 51
40 51
39 51
38 51
37 52
36 52
35 52
34 52
33 52
34 53
35 54
36 55
37 56
38 57
39 58
40 59
41 60
42 61
43 62
44 63
45 64
46 65
47 66
48 67
49 68
50 69
51 70
51 71
51 72
50 72
49 72
48 72
47 72
46 72
45 72
44 72
43 72
42 73
41 73
40 73
39 73
38 73
37 73
36 73
35 73
34 73
33 73
34 74
35 75
36 76
37 77
37 78
38 79
39 80
40 81
41 82
42 83
43 84
44 85
45 86
46 87
46 88
47 89
48 90
49 91
50 92
51 93
50 93
49 93
48 93
47 93
46 93
45 93
44 93
43 93
42 94
41 94
40 94
39 94
38 94
37 94
36 94
35 94
34 94
33 94
34 95
35 96
35 97
36 98
37 99
38 100
39 101
39 102
40 103
41 104
42 105
43 106
43 107
44 108
45 109
46 110
47 111
47 112
48 113
50 115
51 117
52 118
53 119
55 121
56 122
56 123
57 124
58 125
59 126
60 127
60 128
61 129
62 130
63 131
64 132
64 133
65 134
66 135
67 136
68 137
68 138
69 139
70 140
71 141
72 142
72 143
73 144
74 145
75 145
76 145
77 145
78 145
79 145
80 145
81 145
82 145
83 145
84 145
85 145
86 145
87 145
88 145
89 145
90 145
91 145
92 145
93 145
94 145
95 145
96 145
97 145
98 145
99 145
100 145
101 144
102 144
103 144
104 144
105 144
106 144
107 144
108 144
109 144
110 144
111 143
112 143
113 143
114 143
115 143
116 143
117 142
118 142
119 141
120 140
121 140
122 139
123 138
124 137
125 137
126 136
127 135
128 135
129 134
130 133
131 133
132 132
133 131
134 130
135 130
136 129
136 128
136 127
137 126
137 125
137 124
137 123
137 122
137 121
137 120
137 119
137 118
137 117
137 116
136 115
136 114
136 113
136 112
136 111
136 110
136 109
136 108
136 107
136 106
136 105
136 104
136 103
136 102
136 101
137 100
137 99
137 98
137 97
137 96
137 95
137 94
137 93
138 93
139 93
140 94
141 95
142 95
143 96
144 97
145 98
146 99
147 100
148 100
149 101
150 102
151 103
152 104
153 105
154 105
155 106
156 107
157 108
158 108
158 109
158 110
158 111
158 112
158 113
158 114
158 115
158 116
158 117
158 118
158 119
158 120
158 121
158 122
158 123
157 124
156 125
155 126
154 127
153 128
152 129
151 130
150 131
149 132
148 133
148 134
147 135
146 136
145 137
144 138
143 139
142 140
141 141
140 142
139 143
138 144
137 145
138 145
139 145
140 145
141 145
142 145
143 145
144 145
145 145
146 145
147 145
148 145
149 145
150 145
151 145
152 145
153 145
154 145
155 145
156 145
157 145
158 145
159 145
160 145
161 144
162 144
163 143
164 142
165 142
166 141
167 140
168 140
169 139
170 138
171 138
172 137
173 136
174 136
175 135
176 134
177 134
178 133
179 132
180 132
181 131
182 132
183 133
184 134
185 135
185 136
186 137
187 138
188 139
189 140
190 141
189 141
188 141
187 142
186 142
185 142
184 142
183 143
182 143
181 143
182 142
183 141
184 140
185 139
186 138
187 137
188 136
189 135
190 134
191 133
192 132
193 131
194 130
195 130
196 129
197 129
198 128
199 128
200 127
201 127
202 126
203 126
204 125
205 125
205 126
205 127
206 128
206 129
206 130
206 131
206 132
206 133
207 134
207 135
207 136
206 135
205 134
204 133
203 132
202 131
201 130
200 129
198 127
197 126
196 125
195 124
194 123
193 122
192 121
191 120
190 119
189 118
188 117
187 116
186 115
185 114
184 113
183 112
182 111
181 110
180 109
179 108
178 108
177 107
176 106
175 105
174 104
173 104
172 103
171 102
170 101
169 100
168 99
167 99
166 98
165 97
164 96
163 95
162 95
161 94
160 93
161 93
162 93
163 92
164 92
165 92
166 92
167 92
168 91
169 91
170 91
171 91
172 91
173 91
174 90
175 90
176 90
177 90
178 90
179 89
180 89
181 89
181 88
181 87
181 86
181 85
181 84
181 83
181 82
181 81
181 80
181 79
181 78
181 77
181 76
181 75
181 74
181 73
181 72
181 71
181 70
181 69
181 68
181 67
181 66
181 65
181 64
181 63
181 62
181 61
181 60
181 59
181 58
181 57
181 56
181 55
181 54
181 53
181 52
181 51
181 50
181 49
181 48
181 47
182 47
183 47
184 46
185 46
186 46
187 46
188 45
189 45
190 45
189 44
188 43
188 42
187 41
186 40
185 39
184 38
183 37
183 36
182 35
181 34
180 34
179 34
178 34
177 34
176 34
175 34
174 34
173 34
172 34
171 34
170 34
169 34
168 34
167 34
166 34
165 34
164 34
163 34
162 34
161 34
160 34
159 34
158 34
157 34
156 34
155 34
154 34
153 34
152 34
151 34
150 34
149 34
148 34
147 34
146 34
145 34
144 34
143 34
142 34
141 34
140 34
139 34
138 34
137 34
136 34
135 34
134 34
133 34
132 34
131 34
130 34
129 34
128 34
127 34
126 34
125 34
124 34
123 34
122 34
121 34
120 34
119 34
118 34
117 34
116 34
115 34
114 34
113 34
112 34
111 34
110 34
109 34
108 34
107 34
106 34
105 34
104 34
103 34
102 34
101 34
100 34
99 34
98 34
97 34
96 34
95 34
94 34
93 34
92 34
91 34
90 34
89 34
88 34
87 34
86 34
85 34
84 34
83 34
82 34
81 34
80 34
79 34
78 34
77 34
76 34
75 34
74 34
73 34
72 34
71 34
70 34
69 34
68 34
67 34
66 34
65 34
64 34
63 34
62 34
61 34
60 34
59 34
60 35
61 35
62 36
63 37
64 37
65 38
66 39
67 39
68 40
69 41
70 41
71 42
72 43
73 43
74 44
75 45
76 45
77 46
78 47
79 47
80 48
81 49
82 49
83 50
84 51
85 51
86 52
87 53
88 53
89 54
90 55
91 55
92 56
93 56
93 57
93 58
93 59
93 60
93 61
93 62
93 63
93 64
93 65
93 66
93 67
93 68
93 69
93 70
93 71
94 72
94 73
95 74
95 75
96 76
96 77
97 78
97 79
98 80
98 81
99 82
99 83
100 84
100 85
101 86
102 87
102 88
103 89
103 90
104 91
104 92
105 93
105 94
106 95
106 96
107 97
107 98
108 99
109 100
109 101
110 102
110 103
111 104
111 105
112 106
112 107
113 108
113 109
114 110
114 111
115 112
115 113
116 114
116 115
116 116
116 117
116 118
116 119
116 120
116 121
116 122
117 121
118 120
118 119
119 118
120 117
121 116
122 115
123 114
123 113
124 112
125 111
126 110
127 109
128 108
128 107
129 106
130 105
131 104
132 103
132 102
133 101
134 100
135 99
136 98
138 95
139 94
140 93
141 92
142 91
142 90
143 89
144 88
145 87
146 86
146 85
147 84
148 83
149 82
150 81
151 80
151 79
152 78
153 77
154 76
155 75
156 74
156 73
157 72
158 71
158 70
158 69
158 68
158 67
158 66
158 65
158 64
157 63
157 62
157 61
157 60
157 59
157 58
157 57
157 56
158 56
159 56
160 56
161 56
162 55
163 55
164 55
165 55
166 55
167 55
168 55
169 55
170 54
171 54
172 54
173 54
174 54
175 54
176 54
177 53
178 53
179 53
180 53
182 53
183 53
184 52
185 52
186 52
187 52
188 52
189 52
190 52
191 52
192 51
193 51
194 51
195 51
196 51
197 51
198 51
199 50
200 50
201 50
202 50
202 51
202 52
203 53
203 54
203 55
203 56
204 57
204 58
204 59
204 60
205 61
205 62
205 63
205 64
205 65
205 66
204 67
204 68
204 69
204 70
204 71
204 72
204 73
204 74
204 75
204 76
204 77
205 78
205 79
205 80
205 81
205 82
205 83
205 84
205 85
204 86
204 87
204 88
204 89
204 90
204 91
204 92
204 93
204 94
204 95
204 96
205 97
205 98
205 99
205 100
205 101
205 102
205 103
205 104
205 105
205 106
204 107
204 108
204 109
206 101
206 100
206 99
206 98
206 97
207 96
207 95
207 94
207 93
207 92
207 91
208 90
208 89
208 88
208 87
208 86
209 85
209 84
209 83
209 82
209 81
210 80
210 79
210 78
210 77
210 76
211 75
211 74
211 73
211 72
211 71
212 70
212 69
212 68
212 67
212 66
212 65
213 64
213 63
213 62
213 61
213 60
214 59
214 58
214 57
214 56
214 55
215 54
215 53
215 52
84
181 131
205 125
158 123
137 123
93 123
72 123
181 110
205 104
181 89
205 83
158 71
137 71
93 71
72 71
181 68
205 62
181 47
160 34
139 34
118 34
97 34
76 34
116 143
51 93
48 128
48 49
116 93
160 145
139 145
95 145
74 145
51 72
116 122
116 72
33 115
33 94
33 73
33 52
136 108
71 108
136 56
71 56
158 108
93 108
158 56
93 56
160 93
139 93
95 93
74 93
116 55
59 34
51 114
202 50
181 34
59 143
181 143
33 135
116 114
194 130
137 145
51 70
215 52
137 93
72 93
204 109
204 88
190 45
44 47
46 137
204 71
136 129
71 129
157 108
92 108
136 77
71 77
157 56
92 56
56 45
207 136
41 51
190 141
58 142
