11559
333 271
334 272
334 273
335 274
335 275
336 276
336 277
337 278
337 279
333 269
332 268
332 267
332 266
331 265
331 264
330 264
329 265
328 265
327 265
326 265
325 266
324 266
323 266
322 266
321 267
320 267
319 267
318 267
317 268
316 268
315 268
314 268
313 268
312 268
311 268
310 268
309 268
308 268
307 268
306 268
305 268
304 268
303 268
302 268
301 268
300 268
299 268
298 268
297 268
296 268
295 268
294 268
293 268
292 268
291 268
290 268
289 268
288 268
287 268
286 268
337 280
337 281
337 282
338 283
338 284
338 285
338 286
338 287
338 288
338 289
338 290
339 291
339 292
339 293
339 294
338 294
337 295
336 295
335 295
334 295
333 296
332 296
331 296
330 296
329 297
328 297
327 297
326 297
325 298
324 298
324 297
324 296
324 295
323 294
323 293
323 292
323 291
323 290
323 289
323 288
323 287
322 286
322 285
322 284
322 283
324 299
324 300
323 301
323 302
323 303
323 304
323 305
322 306
322 307
322 308
322 309
322 310
321 311
321 312
321 313
323 298
322 298
321 298
320 298
319 298
318 298
317 298
316 298
315 298
314 298
313 298
312 298
311 298
310 298
309 298
321 283
320 283
319 283
318 283
317 283
316 283
315 283
314 283
313 283
312 283
311 283
310 283
309 283
308 283
307 283
309 299
308 300
308 301
307 302
307 303
306 304
306 305
305 306
305 307
304 308
304 309
303 310
303 311
302 312
302 313
308 298
307 298
306 298
305 298
304 298
303 298
302 298
301 298
300 298
299 298
298 298
297 298
296 298
295 298
294 298
306 283
305 283
304 283
303 283
302 283
301 283
300 283
299 283
298 283
297 283
296 283
295 283
294 283
293 283
292 283
321 314
321 315
321 316
321 317
321 318
321 319
321 320
321 321
320 322
320 323
320 324
320 325
320 326
320 327
320 328
320 329
322 313
323 313
324 313
325 313
326 313
327 313
328 313
329 313
330 313
331 313
332 313
333 313
334 313
335 313
336 313
321 329
322 329
323 329
324 329
325 329
326 328
327 328
328 328
329 328
330 328
320 330
320 331
320 332
320 333
320 334
320 335
320 336
321 337
321 338
321 339
321 340
321 341
321 342
321 343
321 344
302 314
302 315
302 316
302 317
302 318
302 319
302 320
302 321
302 322
302 323
302 324
302 325
302 326
302 327
302 328
337 313
338 312
339 312
340 312
341 312
342 311
343 311
344 311
345 311
346 310
347 310
348 310
349 310
350 309
351 309
331 328
332 328
333 328
334 328
335 328
336 328
337 328
338 328
339 328
340 328
341 328
342 328
343 328
344 328
345 328
322 344
323 344
324 344
325 344
326 344
327 344
328 344
329 343
330 343
331 343
332 343
333 343
334 343
335 343
336 343
302 329
302 330
302 331
302 332
302 333
302 334
302 335
302 336
302 337
302 338
302 339
302 340
302 341
302 342
302 343
302 344
303 345
303 346
303 347
304 348
304 349
304 350
305 351
305 352
305 353
306 354
306 355
306 356
307 357
307 358
346 328
347 327
348 327
349 327
350 327
351 326
352 326
353 326
354 326
355 325
356 325
357 325
358 325
359 324
360 324
337 343
338 343
339 343
340 343
341 343
342 343
343 343
344 343
345 343
346 343
347 343
348 343
349 343
350 343
351 343
307 359
306 360
306 361
306 362
306 363
305 364
305 365
305 366
304 367
304 368
304 369
304 370
303 371
303 372
303 373
304 374
304 375
304 376
304 377
305 378
305 379
305 380
306 381
306 382
352 343
353 342
354 342
355 342
356 342
357 341
358 341
359 341
360 341
361 340
362 340
363 340
364 340
365 339
366 339
306 383
306 384
306 385
305 386
305 387
305 388
305 389
305 390
305 391
305 392
305 393
304 394
304 395
304 396
304 397
367 339
368 338
369 338
370 337
371 337
372 336
373 336
374 335
375 335
376 334
377 334
378 333
379 333
380 332
381 332
381 331
380 330
380 329
379 328
379 327
379 326
378 325
378 324
377 323
377 322
377 321
376 320
376 319
375 318
375 317
376 316
376 315
377 314
377 313
378 312
378 311
379 310
379 309
380 308
380 307
381 306
381 305
382 305
383 305
384 305
385 305
386 305
387 305
388 305
389 305
390 305
381 304
381 303
381 302
381 301
381 300
381 299
381 298
381 297
381 296
381 295
381 294
381 293
381 292
381 291
381 290
380 290
379 290
378 290
377 290
376 290
375 290
374 290
373 290
372 290
371 290
370 290
369 290
391 305
392 305
393 305
394 305
395 305
396 305
397 305
398 305
399 305
400 305
401 305
402 305
403 305
404 305
405 305
390 306
391 307
391 308
392 309
392 310
392 311
393 312
393 313
394 314
394 315
394 316
395 317
395 318
396 319
396 320
382 290
383 290
384 290
385 290
386 290
387 290
388 290
389 290
390 290
391 290
392 290
393 290
394 290
395 290
396 290
369 289
369 288
369 287
369 286
369 285
369 284
369 283
369 282
369 281
369 280
369 279
369 278
369 277
369 276
369 275
369 291
369 292
368 293
368 294
368 295
368 296
367 297
367 298
367 299
367 300
366 301
366 302
368 290
367 290
366 289
365 289
364 289
363 289
362 289
361 288
360 288
359 288
358 288
357 288
356 287
355 287
354 287
354 286
354 285
354 284
353 283
353 282
353 281
353 280
353 279
353 278
353 277
353 276
352 275
352 274
352 273
352 272
352 271
351 270
351 269
350 268
350 267
350 266
349 265
349 264
348 263
348 262
348 261
347 260
347 259
346 258
346 257
397 290
398 290
399 290
400 290
401 290
402 290
403 290
404 290
405 290
406 290
407 290
408 290
409 290
410 290
411 290
370 275
371 275
372 275
373 275
374 275
375 275
376 275
377 275
378 275
379 275
380 275
381 275
382 275
383 275
384 275
385 275
386 275
387 275
388 275
389 275
390 275
391 275
392 275
393 275
394 275
395 275
396 275
397 275
398 275
399 275
400 275
401 275
402 275
403 275
404 275
405 275
406 275
407 275
408 275
409 275
410 275
411 275
412 275
413 275
414 275
414 274
414 273
414 272
413 271
413 270
413 269
413 268
413 267
413 266
413 265
413 264
412 263
412 262
412 261
412 260
412 259
411 258
411 257
410 256
410 255
410 254
409 253
409 252
408 251
408 250
408 249
407 248
407 247
406 246
406 245
411 260
410 260
409 260
408 260
407 260
406 260
405 260
404 260
403 260
402 260
401 260
400 260
399 260
398 260
397 260
405 245
404 245
403 245
402 245
401 245
400 245
399 245
398 245
397 245
396 245
395 245
394 245
393 245
392 245
391 245
396 260
395 260
394 260
393 260
392 260
391 260
390 260
389 260
388 260
387 260
386 260
385 260
384 260
383 260
382 260
390 245
389 245
388 245
387 245
386 245
385 245
384 245
383 245
382 245
381 245
380 245
379 245
378 245
377 245
376 245
381 260
380 260
379 260
378 260
377 260
376 260
375 260
374 260
373 260
372 260
371 260
370 260
369 260
368 260
367 260
375 245
374 245
373 245
372 245
371 245
370 245
369 245
368 245
367 245
366 245
365 245
364 245
363 245
362 245
361 245
391 244
392 243
392 242
393 241
393 240
394 239
394 238
395 237
395 236
396 235
396 234
397 233
397 232
398 231
398 230
397 230
396 230
395 230
394 230
393 230
392 230
391 230
390 230
389 230
388 230
387 230
386 230
385 230
384 230
383 230
382 230
381 230
380 230
379 230
378 230
377 230
376 230
375 230
374 230
373 230
372 230
371 230
370 230
369 230
368 230
367 230
366 230
365 230
364 230
363 230
362 230
361 230
360 230
359 230
358 230
357 230
356 230
355 230
354 230
353 230
352 230
351 230
350 230
349 230
348 230
347 230
346 230
345 230
344 230
343 230
342 230
341 230
340 230
339 230
398 229
398 228
397 227
397 226
397 225
397 224
397 223
397 222
396 221
396 220
396 219
395 219
394 218
393 218
392 218
391 217
390 217
389 217
388 216
387 216
386 216
385 215
384 215
383 215
382 215
381 215
380 215
379 215
378 215
377 215
376 215
375 215
374 215
373 215
372 215
371 215
370 215
369 215
368 215
367 215
366 215
365 215
364 215
363 215
362 215
361 215
360 215
359 215
358 215
357 215
356 215
355 215
354 215
353 215
352 215
351 215
350 215
349 215
348 215
347 215
346 215
345 215
344 215
343 215
342 215
341 215
340 215
339 215
339 231
339 232
339 233
339 234
339 235
339 236
338 237
338 238
338 239
338 240
338 241
338 242
337 242
336 243
335 243
334 244
333 244
332 245
331 245
330 246
329 246
328 247
327 247
326 248
325 248
324 249
323 249
322 249
321 250
320 250
319 250
318 250
317 251
316 251
315 251
314 251
313 252
312 252
311 252
310 252
309 253
308 253
307 253
306 253
305 253
304 253
303 253
302 253
301 253
300 253
299 253
298 253
297 253
296 253
295 253
294 253
293 253
292 253
291 253
290 253
289 253
288 253
287 253
286 253
285 253
284 253
283 253
282 253
281 253
280 253
279 253
278 253
354 214
353 213
353 212
353 211
352 210
352 209
352 208
352 207
351 206
351 205
351 204
350 203
350 202
339 214
338 213
338 212
338 211
337 210
337 209
337 208
337 207
336 206
336 205
336 204
335 203
335 202
369 214
368 213
368 212
368 211
367 210
367 209
367 208
366 207
366 206
366 205
365 204
365 203
334 202
333 202
332 202
331 202
330 202
329 202
328 202
327 202
326 202
325 202
324 202
323 202
322 202
277 253
276 253
275 253
274 253
273 253
272 253
271 253
270 253
269 253
268 253
267 253
266 253
265 253
264 253
322 203
322 204
323 205
323 206
323 207
323 208
323 209
324 210
324 211
324 212
264 252
264 251
264 250
264 249
264 248
264 247
264 246
264 245
264 244
264 243
264 242
264 241
264 240
264 239
264 238
264 254
264 255
264 256
264 257
263 258
263 259
263 260
263 261
263 262
262 262
261 262
260 262
259 262
258 262
257 262
256 262
255 262
254 262
253 262
252 262
251 262
250 262
249 262
263 238
262 238
261 238
260 238
259 238
258 238
257 238
256 238
255 238
254 238
253 238
252 238
324 213
324 214
324 215
324 216
324 217
324 218
324 219
324 220
324 221
324 222
324 223
324 224
324 225
324 226
324 227
265 238
266 238
267 238
268 238
269 238
270 238
271 238
272 238
273 238
274 238
275 238
276 238
277 238
278 238
279 238
252 237
252 236
252 235
252 234
252 233
252 232
252 231
252 230
252 229
252 228
252 227
252 226
252 225
252 224
252 223
252 222
252 221
252 220
252 219
252 218
252 217
252 216
252 215
252 214
252 213
252 212
252 211
252 210
252 209
252 208
252 239
251 240
251 241
251 242
250 243
250 244
250 245
249 246
249 247
249 263
249 264
249 265
249 266
248 267
248 268
248 269
248 270
247 270
246 270
245 270
244 270
243 270
242 270
241 270
240 270
239 270
238 270
237 270
236 270
235 270
234 270
233 270
232 270
231 270
230 270
229 270
228 270
227 270
226 270
225 270
224 270
223 270
222 270
221 270
220 270
219 270
218 270
217 270
216 270
215 270
214 270
213 270
212 270
211 270
210 270
209 270
208 270
207 270
206 270
205 270
204 270
203 270
252 207
252 206
252 205
252 204
252 203
252 202
252 201
252 200
252 199
252 198
252 197
252 196
252 195
252 194
252 193
202 270
201 270
200 270
199 270
198 270
197 270
196 270
195 270
194 270
193 270
192 270
191 270
190 270
189 270
252 192
252 191
251 190
251 189
251 188
251 187
250 186
250 185
250 184
250 183
249 182
249 181
249 180
203 271
203 272
203 273
203 274
203 275
203 276
203 277
203 278
203 279
203 280
203 281
203 282
203 283
203 284
203 285
280 238
281 238
282 238
283 238
284 238
285 238
286 238
287 238
288 238
289 238
290 238
291 238
292 238
293 238
294 238
253 223
254 223
255 223
256 223
257 223
258 223
259 223
260 223
261 223
262 223
263 223
264 223
265 223
266 223
267 223
267 222
267 221
267 220
267 219
267 218
267 217
267 216
267 215
267 214
267 213
267 212
267 211
267 210
267 209
267 208
204 285
205 285
206 285
207 285
208 285
209 285
210 285
211 285
203 286
202 287
202 288
201 289
201 290
200 291
200 292
199 293
199 294
198 295
198 296
197 297
197 298
196 299
189 269
189 268
189 267
189 266
189 265
189 264
189 263
189 262
189 261
189 260
189 259
189 258
189 257
189 256
189 255
189 271
189 272
189 273
189 274
189 275
189 276
189 277
188 278
188 279
188 280
188 281
188 282
188 283
188 284
195 299
194 300
193 300
192 301
191 301
190 301
189 302
188 302
187 303
186 303
185 303
184 304
183 304
182 305
181 305
188 270
187 270
186 270
185 270
184 270
183 270
182 270
181 269
180 269
179 269
178 269
177 269
176 269
175 269
174 269
187 284
186 285
185 285
184 286
183 286
182 286
181 287
180 287
179 288
178 288
177 288
176 289
175 289
174 290
173 290
250 180
251 180
252 180
253 179
254 179
255 179
256 179
257 179
258 179
259 179
260 179
261 178
262 178
263 178
264 178
248 181
247 181
246 182
245 182
244 183
243 184
242 184
241 185
240 185
239 186
238 186
237 187
188 255
187 255
186 255
185 255
184 255
183 254
182 254
181 254
180 254
179 254
178 254
236 186
235 186
234 185
233 184
232 183
231 183
230 182
229 181
228 181
227 180
295 238
296 237
297 237
298 237
299 237
300 236
301 236
302 236
303 236
304 235
305 235
306 235
307 235
308 234
309 234
309 233
308 232
308 231
308 230
307 229
307 228
307 227
306 226
306 225
306 224
305 223
305 222
305 221
304 220
304 219
304 218
304 217
304 216
304 215
304 214
304 213
304 212
304 211
304 210
304 209
304 208
304 207
304 206
304 205
304 204
304 203
304 202
304 201
304 200
304 199
304 198
304 197
304 196
304 195
304 194
304 193
304 192
304 191
304 190
304 189
304 188
304 187
304 186
304 185
304 184
304 183
304 182
304 181
304 180
304 179
304 178
304 177
304 176
304 175
304 174
268 223
269 223
270 223
271 223
272 223
273 223
274 223
275 223
276 223
277 223
278 223
279 223
280 223
281 223
282 223
282 222
282 221
282 220
282 219
282 218
282 217
282 216
282 215
282 214
282 213
282 212
282 211
282 210
282 209
282 208
267 207
267 206
267 205
267 204
267 203
267 202
267 201
268 200
268 199
268 198
268 197
268 196
268 195
268 194
268 193
264 177
264 176
265 175
265 174
265 173
265 172
265 171
266 170
266 169
266 168
266 167
266 166
266 165
267 164
267 163
267 162
266 162
265 162
264 162
263 162
262 162
261 162
260 162
259 162
258 162
257 162
256 162
255 162
254 162
253 162
252 162
237 188
237 189
237 190
237 191
237 192
237 193
237 194
237 195
237 196
237 197
237 198
237 199
237 200
237 201
237 202
212 285
213 285
214 285
215 285
216 285
217 285
218 285
219 285
220 285
221 285
222 285
223 285
224 285
225 285
226 285
190 255
191 255
192 255
193 255
194 255
195 255
196 255
197 255
198 255
199 255
200 255
201 255
202 255
203 255
204 255
177 254
176 254
175 254
174 254
173 254
172 254
171 254
170 254
169 254
168 254
167 254
166 254
165 254
164 254
163 254
304 173
303 172
303 171
303 170
303 169
302 168
302 167
302 166
302 165
301 164
301 163
301 162
301 161
300 160
300 159
269 193
270 193
271 193
272 193
273 193
274 193
275 193
276 193
277 193
278 193
279 193
280 193
281 193
282 193
283 193
162 253
161 252
160 251
159 250
158 249
157 248
156 247
155 246
283 192
283 191
283 190
283 189
283 188
284 187
284 186
284 185
284 184
284 183
284 182
284 181
300 158
300 157
300 156
300 155
300 154
300 153
300 152
300 151
300 150
300 149
300 148
300 147
300 146
300 145
300 144
162 255
162 256
161 257
161 258
160 259
160 260
159 261
301 144
302 145
303 145
304 145
305 145
306 146
307 146
308 146
309 146
310 147
311 147
300 143
301 142
301 141
301 140
302 139
302 138
302 137
303 136
303 135
303 134
304 133
304 132
304 131
304 130
304 129
303 128
303 127
303 126
303 125
303 124
303 123
303 122
303 121
302 120
302 119
302 118
302 117
268 162
269 162
270 162
271 162
272 162
273 162
274 162
275 162
276 162
277 162
278 162
279 162
280 162
281 162
282 162
282 161
282 160
282 159
282 158
282 157
282 156
282 155
282 154
282 153
282 152
282 151
282 150
282 149
282 148
282 147
227 285
228 285
229 285
230 285
231 285
232 285
233 285
234 285
235 285
236 285
237 285
238 285
239 285
240 285
241 285
237 203
237 204
237 205
237 206
237 207
237 208
237 209
237 210
237 211
237 212
237 213
237 214
237 215
237 216
237 217
205 255
206 255
207 255
208 255
209 255
210 255
211 255
212 255
213 255
214 255
215 255
216 255
217 255
218 255
219 255
159 262
159 263
159 264
159 265
159 266
159 267
159 268
159 269
159 270
159 271
159 272
159 273
159 274
159 275
158 261
157 262
156 262
155 262
154 263
153 263
152 263
151 264
150 264
149 264
148 265
147 265
146 265
145 266
144 266
281 146
280 146
279 145
278 144
277 144
276 143
275 143
274 142
312 147
313 147
314 147
315 147
316 147
317 147
318 147
319 147
320 147
321 147
322 147
323 147
324 147
325 147
326 147
303 117
304 117
305 117
306 117
307 117
308 117
309 117
310 117
311 117
312 117
313 117
314 117
315 117
316 117
317 117
242 285
243 285
244 285
245 285
246 285
247 285
248 285
249 285
250 285
251 285
252 285
253 285
254 285
255 285
256 285
237 218
237 219
237 220
237 221
237 222
237 223
237 224
237 225
237 226
237 227
237 228
237 229
237 230
237 231
237 232
220 255
221 255
222 255
223 255
224 255
225 255
226 255
227 255
228 255
229 255
230 255
231 255
232 255
233 255
234 255
219 254
219 253
220 252
220 251
220 250
220 249
220 248
221 247
221 246
221 245
221 244
221 243
222 242
222 241
222 240
222 239
222 238
222 237
222 236
222 235
222 234
222 233
222 232
222 231
222 230
222 229
222 228
222 227
222 226
222 225
222 224
222 223
222 222
222 221
222 220
222 219
222 218
222 217
222 216
222 215
222 214
222 213
222 212
222 211
222 210
221 240
220 240
219 240
218 240
217 240
216 240
215 240
214 240
213 240
212 240
211 240
210 240
209 240
208 240
207 240
221 225
220 225
219 225
218 225
217 225
216 225
215 225
214 225
213 225
212 225
211 225
210 225
209 225
208 225
207 225
221 210
220 210
219 210
218 210
217 210
216 210
215 210
214 210
213 210
212 210
211 210
210 210
209 210
208 210
207 210
206 240
205 240
204 240
203 240
202 240
201 240
200 240
199 240
198 240
197 240
196 240
195 240
194 240
193 240
192 240
206 225
205 225
204 225
203 225
202 225
201 225
200 225
199 225
198 225
197 225
196 225
195 225
194 225
193 225
192 225
206 210
205 210
204 210
203 210
202 210
201 210
200 210
199 210
198 210
197 210
196 210
195 210
194 210
193 210
192 210
144 267
144 268
144 269
144 270
144 271
144 272
144 273
144 274
144 275
144 276
144 277
144 278
144 279
144 280
144 281
143 281
142 282
141 282
140 283
139 283
138 284
137 284
136 285
135 285
134 286
133 286
132 287
131 287
130 288
129 288
129 287
129 286
129 285
129 284
129 283
129 282
129 281
129 280
129 279
129 278
129 277
129 276
129 275
129 274
129 273
128 288
127 288
126 287
125 287
124 287
123 287
122 287
121 286
120 286
119 286
118 286
117 286
116 285
115 285
114 285
113 285
112 285
111 285
110 285
109 285
108 285
107 285
106 285
105 285
104 285
103 285
102 285
101 285
100 285
99 285
222 209
222 208
222 207
222 206
222 205
222 204
222 203
222 202
222 201
222 200
222 199
222 198
222 197
222 196
222 195
221 195
220 195
219 195
218 195
217 195
216 195
215 195
214 195
213 195
212 195
211 195
210 195
209 195
208 195
318 117
319 116
320 116
321 116
322 115
323 115
324 115
325 114
326 114
327 114
328 113
329 113
330 113
331 112
332 112
273 142
272 143
271 143
270 144
269 144
268 145
267 145
266 145
265 146
264 146
263 147
262 147
98 286
97 287
96 287
95 288
94 289
93 290
92 290
91 291
261 147
260 147
259 147
258 147
257 147
256 147
255 147
254 147
253 147
252 147
251 147
250 147
208 194
208 193
208 192
209 191
209 190
209 189
209 188
209 187
209 186
209 185
209 184
210 183
210 182
210 181
210 180
191 225
190 224
189 224
188 223
187 223
186 222
185 222
184 222
183 221
182 221
181 220
180 220
145 282
146 283
147 284
148 285
149 285
150 286
151 287
152 288
153 289
154 290
130 289
131 290
132 291
132 292
133 293
134 294
135 295
136 296
327 147
328 147
329 147
330 147
331 147
332 147
333 147
334 147
335 147
336 147
337 147
338 147
339 147
340 147
341 147
332 113
332 114
332 115
332 116
332 117
332 118
332 119
332 120
332 121
332 122
332 123
332 124
332 125
256 286
257 287
257 288
258 289
258 290
258 291
259 292
259 293
260 294
260 295
260 296
261 297
261 298
262 299
262 300
261 300
260 300
259 300
258 300
257 300
256 300
255 300
254 300
253 300
252 300
251 300
250 300
249 300
248 300
247 300
246 300
245 300
244 300
243 300
242 300
241 300
240 300
239 300
238 300
237 300
236 300
235 300
234 300
233 300
232 300
231 300
230 300
229 300
228 300
227 300
226 300
225 300
224 300
223 300
222 300
221 300
220 300
219 300
218 300
217 300
207 195
206 195
205 195
204 195
203 195
202 195
201 195
200 195
199 195
198 195
197 195
196 195
195 195
194 195
193 195
193 194
193 193
193 192
193 191
193 190
193 189
193 188
193 187
193 186
193 185
193 184
193 183
193 182
193 181
193 180
154 291
155 292
155 293
156 294
156 295
157 296
157 297
158 298
99 284
100 283
100 282
101 281
101 280
102 279
102 278
103 277
103 276
104 275
104 274
105 273
105 272
106 271
106 270
105 270
104 270
103 270
102 270
101 270
100 270
99 270
98 270
97 270
96 270
95 270
94 270
93 270
92 270
91 270
180 221
180 222
179 223
179 224
179 225
179 226
179 227
179 228
178 229
178 230
178 231
180 219
180 218
179 217
179 216
179 215
179 214
179 213
178 212
178 211
178 210
178 209
178 208
177 207
177 206
177 205
192 180
191 180
190 181
189 181
188 181
187 181
186 182
185 182
184 182
183 182
182 182
181 183
180 183
179 183
249 147
248 147
247 147
246 147
245 147
244 147
243 147
242 147
241 147
240 147
239 147
238 147
237 147
236 147
235 147
234 147
233 147
232 147
231 147
230 147
229 147
228 147
227 147
226 147
225 147
224 147
223 147
222 147
221 147
220 147
219 147
218 147
217 147
216 147
215 147
214 147
213 147
212 147
342 147
343 147
344 147
345 147
346 147
347 147
348 147
349 148
350 148
351 148
352 148
353 148
354 148
355 148
356 148
333 125
334 125
335 125
336 125
337 125
338 125
339 125
340 124
341 124
342 124
343 124
344 124
345 124
346 124
347 124
262 301
262 302
262 303
263 304
263 305
263 306
263 307
263 308
263 309
263 310
263 311
264 312
264 313
264 314
264 315
263 315
262 315
261 315
260 315
259 315
258 315
257 315
256 315
255 315
254 315
253 315
252 315
251 315
250 315
249 315
237 148
237 149
237 150
237 151
237 152
237 153
237 154
237 155
237 156
237 157
237 158
237 159
237 160
237 161
237 162
248 315
247 315
246 315
245 315
244 315
243 315
242 315
241 315
240 315
239 315
238 315
237 315
236 315
235 315
234 315
236 162
235 162
234 162
233 162
232 162
231 162
230 162
229 162
228 162
227 162
226 162
225 162
224 162
223 162
222 162
233 315
232 315
231 315
230 315
229 315
228 315
227 315
226 315
225 315
224 315
223 315
222 315
221 315
220 315
219 315
221 162
220 162
219 162
218 162
217 162
216 162
215 162
214 162
213 162
212 162
211 162
210 162
209 162
208 162
207 162
206 162
205 162
204 162
203 162
202 162
201 162
200 162
199 162
198 162
197 162
196 162
195 162
194 162
193 162
192 162
177 231
176 231
175 231
174 231
173 231
172 231
171 231
170 231
169 231
168 231
167 231
166 231
165 231
164 231
163 231
347 123
348 122
348 121
349 120
349 119
350 118
350 117
351 116
351 115
352 114
352 113
353 112
353 111
354 110
354 109
162 231
161 231
160 230
159 230
158 230
157 230
156 229
155 229
154 229
153 229
152 229
151 228
150 228
149 228
211 147
210 147
209 147
208 147
207 147
206 147
205 147
204 147
203 147
202 147
201 147
200 147
191 162
190 162
189 162
188 162
187 162
186 162
185 162
184 162
183 162
149 227
150 226
150 225
150 224
150 223
151 222
151 221
151 220
151 219
152 218
152 217
348 124
349 124
350 124
351 124
352 124
353 124
354 124
355 125
356 125
357 125
358 125
359 125
360 125
361 125
362 125
264 316
264 317
264 318
265 319
265 320
265 321
265 322
265 323
265 324
265 325
265 326
266 327
266 328
266 329
266 330
265 330
264 330
263 330
262 330
261 330
260 330
259 330
258 330
257 330
256 330
255 330
254 330
253 330
252 330
251 330
250 330
249 330
248 330
247 330
246 330
245 330
244 330
243 330
242 330
241 330
240 330
239 330
238 330
237 330
236 330
235 330
234 330
233 330
232 330
231 330
230 330
229 330
228 330
227 330
226 330
225 330
224 330
223 330
222 330
221 330
183 161
183 160
183 159
183 158
183 157
183 156
183 155
183 154
183 153
183 152
183 151
183 150
183 149
183 148
183 147
153 217
154 217
155 217
156 217
157 217
158 216
159 216
160 216
161 216
162 216
162 215
162 214
162 213
162 212
162 211
162 210
162 209
162 208
162 207
162 206
162 205
162 204
162 203
162 202
162 201
148 228
147 228
146 227
145 227
144 227
143 227
142 227
141 226
140 226
139 226
138 226
137 226
136 225
135 225
134 225
161 201
160 201
159 201
158 201
157 201
156 201
155 201
154 202
153 202
152 202
151 202
150 202
149 202
148 202
147 202
146 202
145 202
144 202
143 202
142 202
141 202
140 202
139 203
138 203
137 203
136 203
135 203
134 203
133 203
132 203
133 224
132 224
131 223
130 222
129 222
128 221
127 221
126 220
125 219
124 219
123 218
134 226
134 227
134 228
134 229
134 230
134 231
134 232
134 233
134 234
134 235
134 236
134 237
134 238
134 239
363 125
364 125
365 125
366 125
367 125
368 125
369 125
370 125
371 125
372 125
373 125
374 125
375 125
376 125
377 125
266 331
266 332
266 333
266 334
266 335
266 336
266 337
266 338
266 339
266 340
266 341
266 342
266 343
266 344
266 345
265 345
264 345
263 345
262 345
261 345
260 345
259 345
258 345
257 345
256 345
255 345
254 345
253 345
252 345
251 345
250 345
249 345
248 345
247 345
246 345
245 345
244 345
243 345
242 345
241 345
240 345
239 345
238 345
237 345
236 345
235 345
234 345
233 345
232 345
231 345
230 345
229 345
228 345
227 345
226 345
225 345
224 345
223 345
222 345
221 345
220 345
219 345
218 345
217 345
216 345
215 345
214 345
213 344
212 344
211 344
210 344
209 344
208 344
207 344
206 344
206 343
206 342
206 341
205 340
205 339
205 338
205 337
205 336
205 335
205 334
205 333
204 332
204 331
204 330
204 329
204 328
204 327
204 326
203 325
203 324
203 323
203 322
203 321
203 320
203 319
203 318
202 317
202 316
202 315
202 314
205 344
204 345
203 345
202 346
201 346
200 346
199 347
198 347
197 348
196 348
195 348
194 349
193 349
192 350
191 350
162 200
162 199
162 198
163 197
163 196
163 195
163 194
163 193
163 192
163 191
163 190
164 189
164 188
164 187
164 186
134 240
134 241
134 242
135 243
135 244
135 245
135 246
135 247
135 248
136 249
136 250
136 251
123 219
122 220
122 221
122 222
122 223
121 224
121 225
121 226
121 227
120 228
120 229
120 230
120 231
119 232
119 233
118 233
117 233
116 233
115 233
114 233
113 233
112 233
111 234
110 234
109 234
108 234
107 234
106 234
105 234
104 234
163 186
162 186
161 186
160 186
159 186
158 186
157 186
156 186
155 186
154 186
153 186
152 186
151 186
150 186
149 186
122 218
121 218
120 218
119 218
118 218
117 218
116 218
115 219
114 219
113 219
112 219
111 219
110 219
109 219
108 219
149 185
150 184
150 183
151 182
151 181
152 180
152 179
153 178
153 177
154 176
154 175
155 174
155 173
156 172
156 171
376 124
376 123
375 122
375 121
374 120
374 119
373 118
373 117
372 116
372 115
371 114
371 113
103 234
102 234
101 234
100 235
99 235
98 235
97 235
96 235
95 235
94 236
93 236
92 236
91 236
190 350
189 349
188 349
187 348
186 348
185 348
184 347
183 347
182 347
181 346
180 346
179 345
178 345
90 236
89 236
88 237
87 237
86 237
85 237
84 237
83 237
82 238
81 238
80 238
79 238
236 346
236 347
236 348
237 349
237 350
237 351
237 352
237 353
237 354
237 355
237 356
238 357
238 358
238 359
238 360
378 125
379 125
380 125
381 125
382 125
383 125
384 125
385 125
386 125
387 125
388 125
389 125
390 125
391 125
392 125
238 361
239 362
239 363
240 364
240 365
241 366
191 351
191 352
191 353
192 354
192 355
192 356
192 357
192 358
192 359
192 360
192 361
193 362
193 363
193 364
193 365
179 344
180 343
181 342
182 341
183 340
184 340
185 339
186 338
187 337
188 336
189 335
189 334
189 333
189 332
188 331
188 330
188 329
188 328
188 327
188 326
188 325
188 324
187 323
187 322
187 321
187 320
157 170
158 169
159 168
160 167
161 166
162 165
163 164
164 163
165 162
165 161
165 160
165 159
165 158
165 157
165 156
165 155
165 154
165 153
165 152
165 151
165 150
165 149
165 148
165 147
148 186
147 186
146 186
145 185
144 185
143 185
142 185
141 185
140 185
139 185
138 185
137 184
136 184
135 184
134 184
134 183
134 182
134 181
134 180
134 179
134 178
134 177
134 176
134 175
134 174
134 173
134 172
134 171
134 170
134 169
134 168
134 167
134 166
134 165
134 164
134 163
134 162
134 161
134 160
134 159
134 158
134 157
134 156
134 155
134 154
134 153
134 152
133 184
132 184
131 184
130 184
129 184
128 184
127 184
126 184
125 184
124 184
123 184
122 184
121 184
120 184
119 184
133 167
132 167
131 167
130 167
129 167
128 167
127 167
126 167
125 167
124 167
123 167
122 167
121 167
120 167
119 167
133 152
132 152
131 152
130 152
129 152
128 152
127 152
126 152
125 152
124 152
123 152
122 152
121 152
120 152
119 152
108 218
108 217
108 216
108 215
107 214
107 213
107 212
107 211
107 210
107 209
107 208
107 207
106 206
106 205
106 204
106 203
106 202
118 184
117 184
116 184
115 184
114 184
113 184
112 184
111 184
110 184
109 184
108 184
107 184
106 184
105 184
104 184
118 152
117 152
116 152
115 152
114 152
113 152
112 152
111 152
110 152
109 152
108 152
107 152
106 152
105 152
104 152
103 184
102 184
101 184
100 184
99 184
98 184
97 184
96 184
95 183
94 183
93 183
92 183
91 183
90 183
89 183
88 183
87 183
86 183
85 183
84 183
83 183
82 183
81 183
80 183
79 183
78 183
77 183
76 183
75 183
74 183
73 183
72 183
71 183
78 238
77 238
76 237
75 237
74 237
73 237
72 237
71 236
70 236
69 236
68 236
67 236
66 236
65 235
64 235
63 235
70 183
69 183
68 183
67 183
66 183
65 183
64 183
63 183
62 183
61 183
60 183
59 183
58 183
57 183
56 183
91 235
91 234
91 233
91 232
91 231
91 230
91 229
91 228
91 227
91 226
91 225
91 224
91 223
91 222
91 221
392 124
392 123
392 122
392 121
392 120
392 119
392 118
392 117
392 116
392 115
392 114
392 113
392 112
392 111
392 110
118 167
117 167
116 167
115 167
114 167
113 167
112 167
111 167
110 167
109 167
108 167
107 167
106 167
192 365
191 365
190 364
189 364
188 364
187 364
186 363
185 363
184 363
183 363
182 363
181 362
180 362
179 362
164 147
163 147
162 147
161 146
160 146
159 146
158 146
157 146
156 146
155 145
154 145
153 145
152 145
55 183
54 183
53 183
52 183
51 183
50 183
49 183
48 183
47 183
46 183
45 183
194 365
195 365
196 365
197 365
198 365
199 365
200 365
201 365
202 365
203 365
204 365
205 365
206 365
207 365
208 365
209 365
210 365
237 361
236 361
235 362
234 362
233 363
232 364
231 364
230 365
229 365
228 366
242 366
243 366
244 366
245 366
246 366
247 366
248 366
249 366
250 366
251 366
252 366
253 366
254 366
255 366
256 366
257 366
79 239
79 240
79 241
79 242
79 243
79 244
79 245
79 246
79 247
79 248
79 249
79 250
79 251
79 252
79 253
165 146
165 145
165 144
165 143
164 142
164 141
164 140
164 139
164 138
393 110
394 111
395 111
396 111
397 111
398 112
399 112
400 112
401 112
402 113
403 113
404 113
405 113
406 114
407 114
178 362
177 363
176 363
175 363
174 363
173 364
172 364
171 364
170 365
169 365
168 365
167 365
166 366
165 366
165 365
165 364
165 363
165 362
165 361
165 360
165 359
164 358
164 357
164 356
164 355
164 354
164 353
164 352
164 351
164 350
164 349
164 348
164 347
164 346
164 345
164 344
163 343
163 342
163 341
163 340
163 339
163 338
163 337
163 336
164 137
164 136
164 135
163 134
163 133
163 132
163 131
163 130
163 129
163 128
163 127
162 126
162 125
162 124
162 123
162 122
162 121
162 120
162 119
162 118
162 117
162 116
162 115
162 114
162 113
162 112
162 111
162 110
162 109
162 108
161 123
160 123
159 123
158 123
157 123
156 123
155 123
154 123
153 123
152 123
151 123
150 123
149 123
148 123
147 123
161 108
160 108
159 108
158 108
157 108
156 108
155 108
154 108
153 108
152 108
151 108
150 108
149 108
148 108
147 108
119 151
120 150
120 149
120 148
120 147
121 146
121 145
121 144
121 143
122 142
122 141
122 140
122 139
123 138
123 137
86 182
86 181
86 180
86 179
86 178
86 177
86 176
86 175
87 174
87 173
87 172
87 171
87 170
87 169
87 168
87 167
87 166
78 253
77 253
76 253
75 254
74 254
73 254
72 254
71 254
70 254
69 254
68 254
67 255
66 255
65 255
64 255
63 255
44 183
43 183
42 183
41 183
40 183
39 183
38 183
37 183
36 183
35 183
34 183
33 183
32 183
31 183
30 183
162 335
161 335
160 334
159 333
158 332
157 332
156 331
155 330
154 330
153 329
258 366
259 366
260 366
261 366
262 366
263 366
264 366
265 366
266 366
267 366
268 366
29 182
29 181
28 180
27 179
27 178
26 177
25 176
25 175
24 174
122 137
121 137
120 137
119 137
118 137
117 137
116 137
115 137
114 137
113 137
112 137
111 137
110 137
109 136
108 136
107 135
106 135
105 134
104 134
103 133
102 133
101 132
100 132
80 253
81 253
82 253
83 253
84 253
85 253
86 252
87 252
88 252
89 252
90 252
91 252
79 254
78 255
78 256
78 257
77 258
77 259
77 260
76 261
76 262
76 263
75 264
75 265
75 266
74 267
74 268
29 183
28 184
27 184
26 185
25 185
24 185
23 186
22 186
21 187
20 187
73 269
72 270
71 270
70 271
69 272
68 273
67 274
66 274
65 275
64 276
63 277
62 277
61 278
60 279
407 115
407 116
407 117
407 118
407 119
407 120
407 121
407 122
407 123
407 124
407 125
407 126
407 127
407 128
407 129
164 366
163 366
162 366
161 367
160 367
159 367
158 367
157 367
156 367
155 368
154 368
153 368
152 368
408 114
409 114
410 114
411 114
412 114
413 114
414 114
415 114
416 114
417 114
418 114
419 114
420 114
421 114
422 114
407 113
407 112
407 111
407 110
407 109
407 108
407 107
408 106
408 105
408 104
408 103
408 102
408 101
408 100
408 99
408 98
408 97
408 96
408 95
408 94
408 93
408 92
408 91
408 90
408 89
408 88
408 87
408 86
408 85
408 84
408 83
408 82
408 81
408 80
408 79
408 78
408 77
407 76
407 75
407 74
407 73
407 72
407 71
407 70
407 69
269 366
270 366
271 366
272 366
273 366
274 366
275 367
276 367
277 367
278 367
279 367
280 367
281 367
281 366
281 365
281 364
281 363
281 362
281 361
281 360
281 359
281 358
281 357
281 356
281 355
281 354
281 353
281 352
281 351
281 350
281 349
281 348
281 347
281 346
281 345
281 344
281 343
281 342
281 341
281 340
281 339
281 338
281 337
281 336
281 335
281 334
281 333
281 332
281 331
281 330
281 329
281 328
281 327
281 326
281 325
281 324
281 323
281 322
281 321
281 320
281 319
280 318
280 317
280 316
280 315
280 314
280 313
280 312
280 311
279 310
279 309
279 308
279 307
279 306
279 305
279 304
278 303
278 302
278 301
278 300
278 299
278 298
278 297
278 296
277 295
277 294
277 293
277 292
277 291
276 290
276 289
275 288
275 287
275 286
274 285
274 284
273 283
273 282
273 281
272 280
272 279
271 278
271 277
163 123
164 123
165 123
166 123
167 123
168 123
169 123
170 124
171 124
172 124
173 124
174 124
175 124
176 124
177 124
177 123
177 122
177 121
177 120
177 119
177 118
177 117
177 116
177 115
177 114
177 113
177 112
177 111
177 110
177 109
165 367
165 368
165 369
165 370
165 371
165 372
165 373
165 374
165 375
165 376
165 377
165 378
165 379
165 380
165 381
153 328
153 327
153 326
152 325
152 324
152 323
152 322
152 321
152 320
152 319
152 318
151 317
151 316
151 315
151 314
150 314
149 314
148 314
147 314
146 314
145 314
144 314
143 314
142 314
141 314
140 314
139 314
138 314
137 314
136 314
123 136
124 135
124 134
124 133
124 132
125 131
125 130
125 129
125 128
126 127
126 126
126 125
126 124
127 123
127 122
127 121
127 120
127 119
127 118
127 117
127 116
127 115
127 114
127 113
127 112
127 111
127 110
127 109
127 108
127 107
126 122
125 121
124 121
123 121
122 121
121 120
120 120
119 120
118 120
117 119
116 119
115 119
114 119
113 118
112 118
92 252
93 253
94 253
95 254
96 254
97 255
98 255
60 280
61 281
61 282
62 283
62 284
62 285
63 286
63 287
64 288
64 289
64 290
64 291
64 292
64 293
64 294
64 295
64 296
64 297
64 298
63 299
63 300
63 301
63 302
63 303
63 304
63 305
63 306
63 307
63 308
99 133
98 134
97 135
96 135
95 136
94 137
93 138
92 139
91 140
90 140
89 141
88 142
87 143
166 381
167 381
168 381
169 381
170 381
171 381
172 381
173 381
174 382
175 382
176 382
177 382
178 382
179 382
180 382
181 382
152 367
151 366
151 365
150 364
150 363
150 362
149 361
149 360
182 382
183 382
184 382
185 382
186 382
187 382
188 382
189 382
190 382
191 382
192 382
193 382
194 382
195 382
196 382
181 383
181 384
181 385
181 386
181 387
181 388
181 389
181 390
181 391
181 392
181 393
181 394
181 395
181 396
181 397
181 398
148 360
147 360
146 360
145 360
144 360
143 360
142 360
141 360
140 360
139 360
138 360
137 360
136 360
135 360
134 360
197 382
198 382
199 382
200 382
201 382
202 382
203 382
204 382
205 382
206 382
207 382
208 382
209 382
210 382
211 382
86 143
85 142
84 142
83 141
82 141
81 141
80 140
79 140
78 140
77 139
76 139
75 138
74 138
73 138
72 137
71 137
164 381
163 381
162 381
161 382
160 382
159 382
158 382
157 382
156 382
155 383
154 383
153 383
152 383
149 359
149 358
149 357
149 356
149 355
149 354
149 353
149 352
149 351
149 350
149 349
149 348
149 347
149 346
149 345
112 117
112 116
112 115
112 114
112 113
112 112
112 111
112 110
112 109
112 108
112 107
112 106
112 105
112 104
112 103
212 382
213 382
214 382
215 382
216 382
217 382
218 382
219 383
220 383
221 383
222 383
223 383
224 383
225 383
226 383
407 99
406 98
405 98
404 98
403 97
402 97
401 97
400 96
399 96
398 96
397 95
396 95
407 84
406 83
405 83
404 83
403 82
402 82
401 82
400 81
399 81
398 81
397 80
396 80
152 384
152 385
152 386
152 387
152 388
152 389
152 390
152 391
152 392
152 393
152 394
152 395
152 396
152 397
152 398
182 398
183 398
184 398
185 398
186 398
187 398
188 398
189 398
190 398
191 398
192 398
193 398
194 398
195 398
196 398
20 188
20 189
20 190
20 191
20 192
20 193
20 194
20 195
20 196
20 197
20 198
20 199
20 200
20 201
20 202
70 137
69 137
68 138
67 138
66 138
65 138
64 138
63 139
62 139
61 139
60 139
59 139
58 140
57 140
56 140
99 255
100 254
101 254
102 253
103 253
104 253
105 252
106 252
107 251
108 251
109 251
110 250
111 250
112 249
113 249
136 315
136 316
136 317
136 318
136 319
136 320
136 321
136 322
136 323
136 324
136 325
136 326
136 327
136 328
136 329
423 114
424 113
425 113
426 113
427 113
428 112
429 112
430 112
431 112
432 111
433 111
434 111
435 111
436 110
437 110
408 69
409 69
410 68
411 68
412 68
413 68
414 68
415 67
416 67
417 67
418 67
419 67
420 66
421 66
422 66
422 65
421 64
421 63
420 62
420 61
419 60
419 59
418 58
418 57
417 56
417 55
416 54
416 53
415 52
415 51
227 383
228 383
229 383
230 383
231 383
232 383
233 383
234 384
235 384
236 384
237 384
238 384
239 384
240 384
178 124
179 124
180 124
181 124
182 124
183 124
184 124
185 124
186 124
187 124
188 124
189 124
190 124
191 124
192 124
192 123
192 122
192 121
192 120
192 119
192 118
192 117
192 116
192 115
192 114
192 113
192 112
192 111
192 110
192 109
152 314
153 314
154 314
155 314
156 314
157 314
158 314
159 313
160 313
161 313
162 313
163 313
164 313
165 313
166 313
153 398
154 398
155 398
156 398
157 398
158 398
159 398
160 398
161 398
162 398
163 398
164 398
134 361
134 362
134 363
134 364
134 365
134 366
134 367
134 368
135 369
135 370
135 371
135 372
135 373
135 374
135 375
135 376
136 330
136 331
136 332
135 333
135 334
135 335
135 336
135 337
135 338
134 339
134 340
134 341
134 342
135 329
134 328
133 328
132 327
131 327
130 327
129 326
128 326
127 325
126 325
125 325
124 324
123 324
122 323
121 323
114 250
115 251
116 252
117 253
117 254
118 255
119 256
120 257
121 258
120 323
119 323
118 323
117 323
116 323
115 323
114 323
113 323
112 323
111 323
110 323
109 323
108 323
107 323
106 323
56 141
56 142
56 143
56 144
56 145
56 146
55 147
55 148
55 149
55 150
55 151
55 152
55 153
20 203
20 204
20 205
21 206
21 207
21 208
21 209
21 210
21 211
22 212
22 213
22 214
22 215
133 342
132 342
131 342
130 342
129 342
128 342
127 342
126 342
125 342
124 342
123 342
122 342
121 342
120 342
119 342
118 342
117 342
116 342
115 342
114 342
113 342
112 342
111 342
110 342
109 342
108 342
107 342
106 342
105 342
104 342
103 342
106 322
105 321
105 320
104 319
104 318
104 317
103 316
103 315
103 314
102 313
102 312
101 311
101 310
54 153
53 154
52 154
51 154
50 155
49 155
48 155
47 156
46 156
45 156
44 156
43 157
42 157
41 157
40 158
39 158
414 51
413 51
412 51
411 51
410 51
409 51
408 51
407 50
406 50
405 50
404 50
403 50
402 50
401 50
400 50
56 153
57 153
58 153
59 153
60 154
61 154
62 154
63 154
64 154
65 154
66 154
67 154
68 155
69 155
70 155
71 155
23 215
24 215
25 215
26 215
27 215
28 215
29 215
30 215
31 215
32 215
33 215
34 215
35 215
36 215
37 215
38 215
100 310
99 310
98 310
97 310
96 310
95 310
94 310
93 310
92 310
91 310
102 342
101 343
100 343
99 343
98 344
97 344
96 344
95 345
94 345
93 345
92 346
91 346
38 214
38 213
38 212
37 211
37 210
37 209
37 208
37 207
37 206
37 205
37 204
36 203
36 202
36 201
36 200
438 110
439 110
440 110
441 110
442 110
443 110
444 110
445 110
446 110
447 110
448 110
449 110
450 110
451 110
452 110
437 111
437 112
437 113
437 114
437 115
437 116
437 117
437 118
437 119
437 120
437 121
437 122
437 123
437 124
437 125
240 385
240 386
240 387
240 388
240 389
240 390
240 391
240 392
240 393
240 394
240 395
240 396
240 397
240 398
240 399
193 124
194 124
195 124
196 124
197 124
198 124
199 124
200 124
201 124
202 124
203 124
204 124
205 124
206 124
207 124
207 123
207 122
207 121
207 120
207 119
207 118
207 117
207 116
207 115
207 114
207 113
207 112
207 111
207 110
207 109
135 377
135 378
135 379
135 380
135 381
135 382
135 383
135 384
135 385
135 386
135 387
135 388
135 389
135 390
135 391
91 311
91 312
91 313
91 314
91 315
91 316
91 317
91 318
91 319
91 320
91 321
91 322
91 323
91 347
90 348
90 349
89 350
89 351
89 352
88 353
88 354
87 355
87 356
87 357
86 358
86 359
85 360
85 361
84 361
83 361
82 361
81 360
80 360
79 360
78 360
77 360
76 360
75 360
74 360
73 359
72 359
71 359
70 359
69 359
68 359
67 359
66 359
65 359
64 359
63 359
62 359
61 359
60 359
59 359
58 359
57 359
56 359
55 359
399 51
398 52
397 53
396 54
396 55
395 56
394 57
393 58
392 59
102 310
103 310
104 310
105 309
106 309
107 309
108 309
109 309
110 309
111 309
112 309
113 308
114 308
115 308
116 308
85 362
85 363
86 364
86 365
86 366
86 367
86 368
86 369
87 370
87 371
87 372
87 373
87 374
88 375
88 376
88 377
241 399
242 399
243 399
244 399
245 399
246 399
247 399
248 399
249 399
250 399
251 399
252 399
253 399
254 399
255 399
256 399
39 215
40 214
41 214
42 213
43 213
44 212
45 212
46 211
47 211
48 210
49 210
50 210
51 209
52 209
53 209
54 208
55 208
56 207
57 207
58 207
59 206
60 206
61 206
62 205
63 205
64 204
65 204
54 358
53 358
52 357
51 356
50 356
49 355
48 355
47 354
46 353
45 353
44 352
257 399
258 399
259 399
260 399
261 399
262 399
263 399
264 400
265 400
266 400
267 400
268 400
269 400
270 400
89 377
90 377
91 377
92 377
93 377
94 377
95 377
96 377
97 377
98 377
99 377
100 377
101 377
102 377
103 377
66 205
66 206
67 207
68 208
68 209
69 210
70 211
71 212
71 213
72 214
90 346
89 346
88 346
87 345
86 345
85 345
84 345
83 345
82 345
81 344
80 344
79 344
78 344
66 204
67 203
68 203
69 202
70 202
71 202
72 201
73 201
74 201
75 200
76 200
77 199
78 199
453 110
454 110
455 110
456 110
457 110
458 110
459 110
460 110
461 110
462 110
463 110
464 110
465 110
466 110
467 110
452 111
452 112
452 113
452 114
452 115
452 116
452 117
452 118
452 119
452 120
452 121
452 122
452 123
452 124
452 125
391 59
390 59
389 59
388 59
387 59
386 59
385 59
384 60
383 60
382 60
381 60
380 60
379 60
378 60
377 60
376 60
376 59
375 58
375 57
375 56
374 55
374 54
374 53
373 52
373 51
373 50
372 49
372 48
372 47
371 46
371 45
375 60
374 60
373 60
372 60
371 60
370 60
369 60
368 60
367 60
366 60
365 60
364 60
363 60
362 60
361 60
370 45
369 45
368 45
367 45
366 45
365 45
364 45
363 45
362 45
361 45
360 45
359 45
358 45
357 45
356 45
355 45
354 45
353 44
352 44
351 44
350 44
349 44
348 43
347 43
346 43
345 43
344 43
343 42
342 42
341 42
271 400
272 400
273 400
274 400
275 400
276 400
277 400
278 400
279 400
280 400
281 400
281 399
281 398
281 397
281 396
281 395
281 394
281 393
281 392
281 391
281 390
281 389
281 388
281 387
281 386
281 385
208 124
209 124
210 124
211 124
212 124
213 124
214 124
215 124
216 124
217 124
218 124
219 124
220 124
221 124
222 124
222 123
222 122
222 121
222 120
222 119
222 118
222 117
222 116
222 115
222 114
222 113
222 112
222 111
222 110
222 109
86 361
87 361
88 361
89 361
90 361
91 361
92 361
93 361
94 361
95 361
96 361
97 361
98 361
99 361
100 361
43 352
42 353
41 353
40 354
39 354
38 355
37 355
36 356
35 356
34 357
33 357
32 358
31 358
30 359
29 359
103 378
103 379
103 380
103 381
103 382
103 383
102 384
102 385
102 386
102 387
102 388
102 389
102 390
356 44
356 43
356 42
356 41
356 40
356 39
356 38
356 37
356 36
356 35
356 34
356 33
356 32
356 31
356 30
77 344
76 344
75 343
74 343
73 343
72 343
71 342
70 342
69 342
68 342
67 341
66 341
65 341
101 391
100 391
99 392
98 393
97 393
96 394
95 395
94 396
93 396
92 397
91 398
90 398
89 399
88 400
87 400
86 401
66 340
66 339
67 338
67 337
68 336
68 335
69 334
69 333
70 332
70 331
71 330
71 329
72 328
85 401
84 401
83 401
82 402
81 402
80 402
79 402
78 402
77 402
76 402
75 402
74 403
73 403
72 403
71 403
280 385
279 385
278 384
277 384
276 384
275 384
274 384
273 383
272 383
271 383
71 402
71 401
71 400
71 399
71 398
71 397
71 396
71 395
71 394
71 393
71 392
71 391
71 390
71 389
71 388
340 41
339 40
338 39
337 38
336 37
335 36
334 35
333 34
332 33
371 44
372 43
372 42
372 41
373 40
373 39
373 38
373 37
374 36
374 35
374 34
375 33
375 32
103 390
104 390
105 389
106 389
107 389
108 389
109 389
110 388
111 388
112 388
113 388
114 388
115 387
116 387
117 387
28 358
27 357
26 357
25 356
24 355
23 354
22 354
21 353
361 61
361 62
361 63
361 64
361 65
361 66
361 67
361 68
361 69
361 70
361 71
361 72
361 73
361 74
361 75
70 388
69 387
68 387
67 386
66 386
65 385
64 385
63 385
62 384
61 384
60 383
59 383
58 382
57 382
468 110
469 110
470 110
471 110
472 110
473 110
474 110
475 110
476 110
477 110
478 110
479 110
480 110
481 110
482 110
467 111
467 112
467 113
467 114
467 115
467 116
467 117
467 118
467 119
467 120
467 121
467 122
467 123
467 124
467 125
362 75
363 75
364 75
365 75
366 75
367 75
368 75
369 75
370 75
371 75
361 76
360 77
360 78
359 79
359 80
359 81
358 82
358 83
357 84
357 85
356 86
356 87
360 75
359 75
358 74
357 74
356 74
355 74
354 74
353 73
352 73
351 73
350 73
349 73
348 72
347 72
346 72
341 43
341 44
341 45
341 46
341 47
341 48
341 49
341 50
341 51
341 52
341 53
341 54
341 55
341 56
341 57
223 124
224 124
225 124
226 124
227 124
228 124
229 124
230 124
231 124
232 124
233 124
234 124
235 124
236 124
237 124
237 123
237 122
237 121
237 120
237 119
237 118
237 117
237 116
237 115
237 114
237 113
237 112
237 111
237 110
237 109
101 361
102 361
103 361
104 361
105 361
106 361
107 361
108 361
109 361
110 361
111 361
112 361
113 361
114 361
115 361
57 383
57 384
56 385
56 386
56 387
56 388
56 389
56 390
55 391
55 392
55 393
270 383
269 383
268 383
267 383
266 383
265 383
264 383
263 383
262 383
261 383
260 383
259 383
258 383
257 383
256 383
56 382
55 382
54 382
53 382
52 383
51 383
50 383
49 383
48 383
47 383
46 383
45 383
44 384
43 384
42 384
41 384
40 384
64 340
63 340
62 339
61 339
60 338
59 338
58 337
57 336
56 336
55 335
54 335
53 334
52 334
51 333
340 57
339 58
338 58
337 58
336 59
335 59
334 59
333 59
332 60
331 60
330 60
329 61
328 61
50 333
49 333
48 333
47 333
46 333
45 333
44 334
43 334
42 334
41 334
40 334
39 334
38 334
346 73
345 74
345 75
344 76
344 77
343 78
343 79
342 80
342 81
341 82
341 83
38 333
38 332
38 331
38 330
38 329
38 328
38 327
38 326
38 325
38 324
371 76
371 77
371 78
370 79
370 80
370 81
370 82
370 83
370 84
369 85
369 86
369 87
483 110
484 110
485 110
486 110
487 110
488 110
489 110
490 110
491 110
492 110
493 110
494 110
495 110
496 110
497 110
482 111
482 112
482 113
482 114
482 115
482 116
482 117
482 118
482 119
482 120
482 121
482 122
482 123
482 124
482 125
327 61
326 61
325 60
324 60
323 60
322 60
321 60
320 59
319 59
318 59
317 59
316 59
315 58
314 58
313 58
312 58
311 58
310 59
309 59
308 59
307 59
306 59
305 60
304 60
303 60
302 60
301 60
300 61
299 61
298 61
298 62
298 63
298 64
298 65
298 66
298 67
298 68
298 69
297 70
297 71
297 72
297 73
297 74
297 75
297 76
297 77
238 124
239 124
240 124
241 124
242 124
243 124
244 124
245 124
246 124
247 124
248 124
249 124
250 124
251 124
252 124
252 123
252 122
252 121
252 120
252 119
252 118
252 117
252 116
252 115
252 114
252 113
252 112
252 111
252 110
252 109
37 334
36 334
35 334
34 334
33 334
32 334
31 334
30 333
29 333
28 333
27 333
26 333
25 333
24 333
23 333
22 333
297 61
296 61
295 61
294 61
293 61
292 62
291 62
290 62
289 62
288 62
287 62
286 62
312 57
312 56
311 55
311 54
310 53
310 52
309 51
309 50
308 49
22 332
22 331
22 330
22 329
21 328
21 327
21 326
21 325
21 324
498 110
499 110
500 110
501 110
502 110
503 110
504 110
505 110
506 110
507 110
508 110
509 110
510 110
511 110
512 110
497 111
497 112
497 113
497 114
497 115
497 116
497 117
497 118
497 119
497 120
497 121
497 122
497 123
497 124
497 125
298 77
299 77
300 77
301 77
302 77
303 77
304 77
305 76
306 76
307 76
308 76
309 76
310 76
311 76
312 76
253 124
254 124
255 124
256 124
257 124
258 124
259 124
260 124
261 124
262 124
263 124
264 124
265 124
266 124
267 124
267 123
267 122
267 121
267 120
267 119
267 118
267 117
267 116
267 115
267 114
267 113
267 112
267 111
267 110
267 109
307 49
306 49
305 48
304 48
303 48
302 48
301 48
300 47
299 47
298 47
297 47
296 47
295 46
294 46
293 46
513 110
514 110
515 110
516 110
517 110
518 110
519 110
520 110
521 110
522 110
523 110
524 110
525 110
526 110
527 110
512 111
512 112
512 113
512 114
512 115
512 116
512 117
512 118
512 119
512 120
512 121
512 122
512 123
512 124
512 125
312 77
312 78
312 79
312 80
312 81
312 82
312 83
312 84
312 85
312 86
312 87
312 88
312 89
312 90
312 91
268 124
269 124
270 124
271 124
272 124
273 124
274 124
275 123
276 123
277 123
278 123
279 123
280 123
281 123
282 123
282 122
282 121
282 120
282 119
282 118
282 117
282 116
282 115
282 114
282 113
282 112
282 111
282 110
282 109
282 108
311 92
310 92
309 93
308 93
307 94
306 95
305 95
304 96
303 96
302 97
301 97
300 98
528 110
529 110
530 110
531 110
532 110
533 110
534 110
535 110
536 110
537 110
538 110
539 110
540 110
541 110
542 110
527 111
527 112
527 113
527 114
527 115
527 116
527 117
527 118
527 119
527 120
527 121
527 122
527 123
527 124
527 125
543 110
544 111
545 111
546 111
547 112
548 112
549 112
550 113
551 113
552 113
553 114
554 114
555 114
556 115
557 115
542 111
542 112
542 113
542 114
542 115
542 116
542 117
542 118
542 119
542 120
542 121
542 122
542 123
542 124
542 125
558 114
559 113
560 112
561 111
562 110
563 109
564 108
565 107
566 106
543 126
544 126
545 127
546 127
547 128
548 128
549 129
550 129
551 130
567 107
567 108
568 109
569 110
569 111
570 112
571 113
571 114
572 115
573 114
574 113
574 112
575 111
576 110
577 109
577 108
578 107
579 106
580 105
580 104
581 103
582 104
582 105
583 106
583 107
584 108
585 109
585 110
586 111
586 112
587 113
588 112
589 111
590 110
591 109
592 108
592 107
593 106
594 105
595 104
596 103
596 104
597 105
597 106
598 107
598 108
599 109
599 110
599 111
600 112
600 113
601 114
601 115
602 116
602 117
587 114
587 115
587 116
587 117
587 118
587 119
587 120
587 121
587 122
587 123
587 124
587 125
587 126
587 127
587 128
586 129
585 130
584 131
583 132
582 133
581 134
602 118
602 119
602 120
602 121
602 122
602 123
602 124
602 125
602 126
602 127
602 128
602 129
602 130
602 131
602 132
602 133
601 134
601 135
600 136
600 137
599 138
599 139
598 140
598 141
597 142
597 143
581 135
581 136
581 137
581 138
581 139
581 140
581 141
582 142
582 143
582 144
582 145
582 146
582 147
582 148
582 149
582 150
582 151
582 152
582 153
581 154
581 155
581 156
581 157
581 158
581 159
581 160
581 161
580 162
580 163
580 164
580 165
580 166
579 165
578 165
577 164
576 164
575 163
574 163
573 162
572 162
571 161
570 161
569 160
568 160
567 159
566 159
581 166
582 166
583 166
584 165
585 165
586 165
587 165
588 165
589 165
590 165
591 165
592 164
593 164
594 164
595 164
565 159
564 159
563 159
562 159
561 159
560 159
559 159
558 160
557 160
556 160
555 160
554 160
553 160
552 160
551 160
550 160
550 159
549 158
549 157
549 156
548 155
548 154
548 153
547 152
547 151
547 150
546 149
546 148
549 161
549 162
548 163
548 164
547 165
546 166
546 167
545 168
596 164
597 163
598 163
599 162
600 162
601 162
602 161
603 161
604 160
605 160
606 160
607 159
608 159
609 158
610 158
595 165
595 166
595 167
595 168
595 169
595 170
595 171
596 172
596 173
596 174
596 175
596 176
596 177
596 178
596 179
545 169
546 170
546 171
546 172
546 173
547 174
547 175
547 176
547 177
548 178
548 179
548 180
548 181
549 182
549 183
596 180
596 181
596 182
596 183
596 184
596 185
596 186
596 187
596 188
596 189
596 190
596 191
596 192
596 193
596 194
549 184
550 185
550 186
550 187
551 188
551 189
551 190
552 191
552 192
553 193
553 194
553 195
554 196
554 197
554 198
554 199
554 200
554 201
554 202
554 203
554 204
554 205
554 206
554 207
554 208
554 209
554 210
554 211
554 212
555 197
556 197
557 197
558 197
559 197
560 197
561 197
562 197
563 197
564 197
565 197
566 197
567 197
568 197
569 197
596 195
596 196
596 197
596 198
596 199
596 200
596 201
596 202
596 203
596 204
596 205
596 206
596 207
596 208
596 209
570 197
571 198
572 198
573 199
574 199
575 199
576 200
577 200
578 201
579 201
580 202
581 202
581 201
581 200
581 199
581 198
581 197
581 196
581 195
581 194
581 193
581 192
581 191
581 190
581 189
581 188
581 187
554 213
554 214
554 215
554 216
554 217
554 218
553 219
553 220
553 221
553 222
553 223
553 224
553 225
552 225
551 225
550 225
549 225
548 225
547 225
546 225
545 225
544 225
543 225
542 225
541 225
540 225
539 225
597 209
598 208
599 208
600 208
601 208
602 207
603 207
604 207
605 207
606 206
607 206
608 206
609 206
610 205
611 205
596 210
597 211
597 212
598 213
598 214
598 215
599 216
599 217
600 218
600 219
600 220
601 221
601 222
602 223
602 224
581 203
581 204
581 205
581 206
581 207
581 208
581 209
581 210
581 211
581 212
581 213
581 214
581 215
581 216
581 217
553 226
553 227
553 228
553 229
553 230
553 231
553 232
553 233
553 234
553 235
553 236
553 237
553 238
553 239
553 240
539 224
539 223
539 222
539 221
539 220
539 219
539 218
539 217
539 216
539 215
539 214
539 213
539 212
539 211
539 210
539 209
539 208
539 207
539 206
539 205
539 204
539 203
539 202
539 201
539 200
539 199
539 198
539 197
539 196
539 195
538 210
537 209
536 209
535 209
534 208
533 208
532 208
531 207
530 207
529 207
528 206
527 206
526 206
525 205
524 205
523 205
522 205
521 205
520 205
519 205
518 205
517 205
516 205
515 205
514 205
513 205
512 205
511 205
510 205
509 205
508 205
507 205
506 205
505 205
504 205
503 205
502 205
501 205
500 205
499 205
498 205
497 205
496 205
495 205
494 205
493 205
492 205
491 205
490 205
489 205
488 205
487 205
486 205
485 205
484 205
483 205
482 205
481 205
480 205
479 205
478 205
477 205
476 205
475 205
474 205
473 205
472 205
471 205
470 205
469 205
468 205
467 205
466 205
465 205
464 205
463 205
462 205
461 205
460 205
459 205
458 205
457 205
456 205
455 205
454 205
453 205
452 205
451 205
450 205
449 205
539 226
539 227
539 228
539 229
538 230
538 231
538 232
538 233
538 234
450 204
450 203
451 202
451 201
452 200
452 199
453 198
453 197
454 196
454 195
455 194
455 193
456 192
580 218
579 219
579 220
578 221
577 222
576 223
612 205
613 204
614 204
615 204
616 204
617 203
618 203
619 203
620 203
621 202
622 202
623 202
624 202
625 201
626 201
577 224
578 225
579 225
580 226
581 227
582 228
583 229
584 230
585 230
586 231
587 232
553 241
553 242
553 243
553 244
553 245
553 246
553 247
553 248
553 249
553 250
553 251
553 252
553 253
553 254
553 255
538 235
538 236
538 237
538 238
538 239
538 240
538 241
538 242
538 243
538 244
538 245
538 246
538 247
538 248
538 249
537 249
536 249
535 249
534 249
533 249
532 249
531 249
530 249
529 249
528 249
527 249
526 249
525 249
524 249
523 249
523 248
523 247
523 246
522 245
522 244
522 243
522 242
522 241
522 240
522 239
522 238
521 237
521 236
521 235
521 234
457 192
458 192
459 192
460 191
461 191
462 191
463 191
464 191
465 191
466 191
467 190
468 190
469 190
470 190
455 192
454 192
453 192
452 191
451 191
450 191
449 191
448 191
447 191
446 191
445 191
444 190
443 190
442 190
441 190
441 189
441 188
441 187
441 186
441 185
441 184
441 183
441 182
441 181
441 180
441 179
441 178
441 177
441 176
441 175
626 200
626 199
627 198
627 197
627 196
627 195
627 194
628 193
628 192
628 191
628 190
628 189
629 188
629 187
629 186
586 233
585 233
584 234
583 234
582 235
581 235
580 236
579 236
578 237
577 237
576 238
521 233
521 232
521 231
521 230
521 229
521 228
521 227
521 226
521 225
521 224
523 250
522 251
522 252
522 253
521 254
521 255
520 256
520 257
520 258
519 259
519 260
538 250
538 251
538 252
538 253
538 254
538 255
538 256
538 257
538 258
538 259
538 260
538 261
538 262
538 263
538 264
440 175
439 174
438 174
437 173
436 173
435 173
434 172
433 172
440 190
439 190
438 190
437 190
436 190
435 190
434 190
433 190
432 190
431 190
430 190
429 190
428 190
427 190
426 190
629 185
629 184
628 183
628 182
628 181
628 180
628 179
627 178
627 177
627 176
627 175
627 174
626 173
626 172
626 171
627 170
627 169
628 168
628 167
629 166
629 165
629 164
628 163
628 162
628 161
628 160
627 159
627 158
627 157
627 156
626 155
626 154
626 153
626 152
625 151
625 150
625 149
625 148
625 147
625 146
625 145
625 144
625 143
625 142
625 141
625 140
625 139
625 138
625 137
625 136
625 135
576 239
577 240
577 241
577 242
578 243
578 244
578 245
579 246
579 247
579 248
580 249
580 250
580 251
581 252
581 253
553 256
553 257
553 258
553 259
553 260
553 261
553 262
553 263
553 264
553 265
553 266
553 267
553 268
553 269
553 270
538 265
538 266
538 267
538 268
538 269
538 270
538 271
538 272
538 273
538 274
537 274
536 274
535 274
534 274
533 274
532 274
531 274
530 275
529 275
528 275
527 275
526 275
525 275
524 275
523 275
518 261
517 261
516 262
515 263
514 263
513 264
512 264
511 265
510 266
509 266
508 267
520 224
519 225
518 225
517 225
516 225
515 226
514 226
513 226
512 226
511 227
510 227
509 227
508 227
507 228
506 228
471 190
472 190
473 190
474 190
475 190
476 190
477 190
478 190
479 190
480 190
481 190
482 190
483 190
484 190
485 190
426 191
426 192
426 193
426 194
426 195
426 196
426 197
426 198
426 199
426 200
426 201
426 202
425 202
424 202
423 202
422 202
421 202
420 202
419 202
418 203
417 203
416 203
415 203
414 203
413 203
412 203
411 203
433 171
432 170
432 169
431 168
431 167
431 166
430 165
430 164
429 163
429 162
429 161
428 160
428 159
427 158
427 157
507 267
506 267
505 266
504 266
503 266
502 266
501 265
500 265
499 265
498 265
497 265
496 264
495 264
494 264
410 203
409 203
408 203
407 203
406 203
405 203
404 202
403 202
402 202
401 202
400 202
399 202
398 202
485 189
485 188
485 187
485 186
485 185
485 184
485 183
485 182
485 181
485 180
485 179
485 178
485 177
485 176
485 175
626 135
627 135
628 135
629 135
630 135
631 135
632 135
633 135
634 135
635 135
636 135
637 135
638 135
639 135
639 136
639 137
639 138
639 139
640 140
640 141
640 142
640 143
640 144
582 253
583 252
584 252
585 251
586 251
587 251
588 250
589 250
590 249
591 249
592 249
593 248
594 248
595 247
596 247
581 254
582 255
582 256
583 257
583 258
583 259
584 260
584 261
585 262
585 263
585 264
586 265
586 266
587 267
587 268
508 268
508 269
508 270
508 271
508 272
508 273
508 274
508 275
508 276
508 277
508 278
508 279
508 280
508 281
508 282
506 229
506 230
506 231
506 232
506 233
506 234
506 235
506 236
506 237
506 238
506 239
506 240
506 241
506 242
506 243
486 190
487 190
488 190
489 190
490 190
491 190
492 190
493 190
494 190
495 190
496 190
497 190
498 190
499 190
500 190
494 265
494 266
494 267
494 268
494 269
494 270
493 271
493 272
493 273
493 274
493 275
493 276
493 277
505 243
504 243
503 243
502 243
501 243
500 243
499 243
498 244
497 244
496 244
495 244
494 244
493 244
492 244
491 244
491 243
491 242
491 241
491 240
491 239
491 238
491 237
491 236
491 235
491 234
491 233
491 232
491 231
491 230
491 229
492 277
491 277
490 277
489 277
488 277
487 277
486 277
485 276
484 276
483 276
482 276
481 276
480 276
479 276
478 276
477 276
476 276
475 276
474 276
473 276
472 276
471 276
470 276
469 276
468 276
467 276
466 276
465 276
464 276
463 276
462 276
461 276
460 276
459 276
458 276
457 276
456 276
455 275
454 275
453 275
452 275
451 275
450 275
449 275
448 275
447 275
446 274
445 274
444 274
443 274
442 273
441 273
440 273
439 273
438 272
437 272
436 272
435 272
434 271
433 271
426 157
425 156
424 156
423 155
422 155
421 154
420 154
419 153
418 153
417 152
416 152
415 151
414 151
413 150
412 150
411 150
410 150
409 150
408 150
407 150
406 150
405 150
404 150
403 150
402 150
401 150
400 150
399 150
398 150
397 150
397 201
397 200
396 199
395 198
395 197
394 196
394 195
393 194
392 193
392 192
391 191
396 150
395 150
394 150
393 150
392 150
391 150
390 150
389 150
388 150
387 150
386 150
385 150
384 150
383 150
382 150
484 175
483 175
482 175
481 175
480 175
479 175
478 175
477 175
476 175
475 175
474 175
473 175
472 175
471 175
486 175
487 175
488 175
489 175
490 175
491 175
492 175
493 175
494 175
427 156
427 155
428 154
428 153
428 152
428 151
429 150
429 149
429 148
429 147
429 146
430 145
430 144
430 143
463 275
463 274
463 273
463 272
463 271
463 270
463 269
463 268
463 267
463 266
463 265
463 264
463 263
463 262
586 268
585 268
584 268
583 268
582 268
581 268
580 268
579 269
578 269
577 269
576 269
575 269
574 269
573 269
572 269
509 283
510 283
511 284
512 285
513 286
514 286
515 287
516 288
517 289
518 289
519 290
448 274
448 273
448 272
447 271
447 270
447 269
447 268
447 267
447 266
446 265
446 264
446 263
446 262
381 149
380 148
379 147
378 146
377 146
376 145
375 144
374 143
478 275
478 274
478 273
478 272
478 271
478 270
478 269
478 268
478 267
478 266
478 265
478 264
478 263
431 143
432 143
433 143
434 143
435 143
436 143
437 142
438 142
439 142
440 142
441 142
442 142
485 174
485 173
485 172
484 171
484 170
484 169
484 168
484 167
484 166
484 165
483 164
483 163
483 162
483 161
391 190
392 189
392 188
392 187
393 186
393 185
393 184
393 183
394 182
394 181
394 180
395 179
395 178
640 145
641 146
641 147
641 148
641 149
642 150
642 151
642 152
642 153
643 154
643 155
643 156
643 157
644 158
644 159
597 246
598 246
599 245
600 245
601 244
602 244
603 243
604 243
605 242
606 242
607 241
608 241
609 240
610 240
611 239
596 248
597 249
597 250
598 251
598 252
598 253
599 254
599 255
600 256
600 257
600 258
601 259
601 260
602 261
602 262
519 291
519 292
520 293
520 294
520 295
520 296
521 297
521 298
521 299
521 300
522 301
522 302
522 303
501 190
502 190
503 190
504 190
505 190
506 190
507 190
508 190
509 190
510 190
511 190
512 190
513 190
514 190
515 190
521 303
520 303
519 303
518 304
517 304
516 304
515 304
514 304
513 304
512 304
511 304
510 305
509 305
508 305
507 305
506 305
505 305
504 305
503 305
502 305
501 305
500 305
499 306
498 306
497 306
496 306
495 306
494 306
493 306
492 306
492 307
492 308
492 309
491 310
491 311
491 312
491 313
491 314
491 315
491 316
491 317
490 318
490 319
490 320
490 321
489 321
488 321
487 321
486 321
485 321
484 321
483 321
482 321
481 321
480 321
479 321
478 321
477 321
476 321
475 321
474 321
473 321
472 321
471 321
470 321
469 321
468 321
467 321
466 321
465 321
464 321
463 321
462 321
461 321
460 321
446 261
446 260
446 259
446 258
446 257
446 256
446 255
446 254
446 253
446 252
446 251
446 250
446 249
446 248
446 247
446 246
445 245
445 244
445 243
445 242
444 241
444 240
444 239
444 238
443 237
443 236
443 235
443 234
442 233
442 232
442 143
442 144
442 145
442 146
442 147
442 148
442 149
442 150
442 151
442 152
442 153
442 154
442 155
441 231
441 230
440 229
440 228
439 227
439 226
438 225
438 224
437 223
437 222
436 221
436 220
435 219
435 218
434 217
433 272
433 273
433 274
433 275
433 276
433 277
433 278
433 279
433 280
433 281
433 282
433 283
433 284
433 285
433 286
445 247
444 248
443 248
442 248
441 249
440 249
439 249
438 250
437 250
436 250
435 251
434 251
433 251
432 252
431 252
441 232
440 233
439 233
438 233
437 233
436 234
435 234
434 234
433 234
432 235
431 235
430 235
429 235
428 236
427 236
433 217
432 217
431 217
430 217
429 217
428 217
427 217
426 218
425 218
424 218
423 218
422 218
421 218
420 218
419 218
396 179
397 180
398 181
399 182
400 183
401 183
402 184
403 185
404 186
405 187
406 188
394 178
393 178
392 177
391 177
390 177
389 177
388 177
387 177
386 176
385 176
384 176
383 176
382 175
381 175
380 174
379 174
378 173
377 173
376 172
375 172
374 171
373 171
372 170
371 170
370 169
369 169
368 169
367 169
366 169
365 169
364 169
363 169
362 169
361 169
360 169
359 169
358 169
357 169
356 169
355 169
354 169
353 169
352 169
351 169
350 169
349 169
348 169
347 169
346 169
345 169
344 169
343 169
342 169
341 169
340 169
339 169
338 169
337 169
336 169
335 169
334 169
333 169
332 169
331 169
330 169
329 169
328 169
327 169
326 169
325 169
324 169
515 189
515 188
515 187
514 186
514 185
514 184
514 183
514 182
514 181
514 180
514 179
513 178
513 177
513 176
513 175
396 178
397 177
398 177
399 177
400 176
401 176
402 176
403 175
404 175
405 174
406 174
407 174
408 173
409 173
482 161
481 161
480 161
479 161
478 161
477 160
476 160
475 160
474 160
473 160
472 160
471 160
484 161
485 161
486 161
487 161
488 161
489 160
490 160
491 160
492 160
493 160
494 160
491 305
491 304
490 303
490 302
489 301
489 300
488 299
488 298
487 297
434 286
435 287
436 287
437 288
438 288
439 288
440 289
441 289
442 290
443 290
612 239
613 239
614 239
615 239
616 239
617 239
618 239
619 238
620 238
621 238
622 238
623 238
624 238
625 238
626 238
523 303
524 303
525 303
526 303
527 303
528 303
529 303
530 303
531 303
532 303
533 303
534 303
535 303
536 303
537 303
491 321
492 321
493 321
494 321
495 321
496 321
497 321
498 321
499 321
500 321
501 321
502 321
503 321
504 321
505 321
486 298
485 299
484 300
483 301
482 302
481 302
480 303
479 304
478 305
477 306
476 306
475 306
474 306
473 306
472 306
471 306
470 306
469 306
468 306
467 306
466 306
465 306
464 306
463 306
462 306
447 247
448 247
449 247
450 247
451 247
452 247
453 247
454 247
455 247
456 247
457 247
458 247
459 247
460 247
461 247
461 246
461 245
461 244
461 243
461 242
461 241
461 240
461 239
461 238
461 237
461 236
461 235
461 234
461 233
461 232
443 291
444 292
444 293
444 294
445 295
445 296
446 297
446 298
446 299
447 300
447 301
446 301
445 302
444 302
443 303
442 303
441 303
440 304
439 304
438 305
437 305
436 305
435 306
434 306
433 307
432 307
369 170
369 171
369 172
369 173
369 174
369 175
369 176
369 177
369 178
369 179
369 180
369 181
369 182
369 183
369 184
368 184
367 184
366 184
365 184
364 184
363 184
362 184
361 184
360 184
359 184
358 184
357 184
356 184
355 184
354 184
353 184
352 184
351 184
350 184
349 184
348 184
347 184
346 184
345 184
344 184
343 184
342 184
341 184
340 184
339 184
338 184
337 184
336 184
335 184
334 184
333 184
332 184
331 184
330 184
329 184
328 184
327 184
326 184
325 184
324 184
537 302
537 301
537 300
537 299
537 298
537 297
537 296
537 295
537 294
537 293
537 292
537 291
537 290
537 289
470 160
469 160
468 160
467 160
466 160
465 160
464 160
463 160
462 160
461 160
460 160
459 160
458 160
444 290
445 290
446 290
447 290
448 290
449 290
450 290
451 291
452 291
453 291
454 291
455 291
456 291
457 291
626 237
626 236
626 235
627 234
627 233
627 232
627 231
627 230
627 229
627 228
627 227
628 226
628 225
628 224
628 223
458 159
458 158
458 157
458 156
458 155
458 154
458 153
459 152
459 151
459 150
459 149
459 148
459 147
459 146
459 145
495 160
496 160
497 160
498 160
499 160
500 161
501 161
502 161
503 161
504 161
505 161
431 308
430 308
429 309
428 310
427 310
426 311
425 311
424 312
461 231
461 230
461 229
461 228
460 227
460 226
460 225
460 224
460 223
627 238
628 238
629 238
630 238
631 238
632 238
633 238
634 238
635 237
636 237
637 237
638 237
639 237
640 237
641 237
642 237
643 237
538 289
539 289
540 289
541 289
542 289
543 289
544 289
545 289
546 289
547 289
548 289
549 289
550 289
551 289
552 289
506 321
507 321
508 321
509 321
510 321
511 321
512 321
513 320
514 320
515 320
516 320
517 320
518 320
519 320
520 320
462 247
463 247
464 247
465 247
466 247
467 247
468 247
469 248
470 248
471 248
472 248
473 248
474 248
475 248
476 248
476 247
476 246
476 245
476 244
476 243
476 242
476 241
476 240
476 239
476 238
476 237
476 236
476 235
476 234
476 233
458 291
459 291
460 291
461 291
462 291
463 291
464 291
465 291
466 291
467 291
468 291
469 291
470 291
471 291
472 291
424 313
424 314
424 315
425 316
425 317
425 318
425 319
425 320
425 321
425 322
425 323
426 324
426 325
426 326
426 327
460 145
461 145
462 144
463 144
464 144
465 144
466 143
467 143
468 143
469 143
470 142
471 142
506 161
507 161
508 161
509 161
510 161
511 161
512 160
513 160
514 160
515 160
516 160
517 160
476 232
476 231
476 230
476 229
476 228
476 227
476 226
476 225
476 224
552 290
552 291
552 292
552 293
552 294
552 295
552 296
552 297
552 298
552 299
552 300
552 301
552 302
552 303
552 304
472 142
473 142
474 143
475 143
476 143
477 143
478 143
479 143
480 144
481 144
482 144
426 328
426 329
426 330
426 331
426 332
426 333
426 334
426 335
426 336
426 337
426 338
426 339
426 340
426 341
426 342
518 160
519 160
520 160
521 159
522 159
523 159
524 159
525 159
526 159
527 158
528 158
529 158
529 157
529 156
529 155
529 154
529 153
529 152
529 151
529 150
529 149
529 148
529 147
529 146
529 145
529 144
529 143
552 305
552 306
552 307
552 308
552 309
552 310
552 311
552 312
552 313
552 314
552 315
552 316
552 317
552 318
552 319
483 144
484 144
485 144
486 144
487 144
488 144
489 144
490 145
491 145
492 145
493 145
494 145
495 145
496 145
497 145
427 342
428 341
429 341
430 341
431 340
432 340
433 340
434 339
435 339
436 339
437 338
438 338
439 338
440 337
441 337
441 336
441 335
441 334
441 333
441 332
441 331
441 330
441 329
441 328
441 327
441 326
441 325
441 324
441 323
441 322
551 319
550 320
549 320
548 320
547 321
546 321
545 321
544 321
543 322
542 322
541 322
540 323
539 323
552 320
552 321
552 322
552 323
552 324
552 325
552 326
552 327
552 328
552 329
552 330
552 331
552 332
552 333
552 334
498 145
499 145
500 145
501 145
502 145
503 145
504 145
505 144
506 144
507 144
508 144
509 144
510 144
511 144
512 144
539 324
539 325
539 326
538 327
538 328
538 329
538 330
538 331
538 332
538 333
538 334
537 335
537 336
537 337
537 338
552 335
552 336
552 337
552 338
552 339
552 340
552 341
553 342
553 343
553 344
553 345
553 346
553 347
553 348
553 349
537 339
537 340
537 341
537 342
537 343
537 344
537 345
538 346
538 347
538 348
538 349
538 350
538 351
538 352
538 353
537 353
536 353
535 353
534 353
533 353
532 353
531 353
530 353
529 353
528 353
527 353
526 353
525 353
524 353
523 353
523 352
523 351
523 350
523 349
523 348
523 347
522 346
522 345
522 344
522 343
522 342
522 341
522 340
522 339
521 339
520 339
519 339
518 339
517 339
516 339
515 339
514 339
513 339
512 339
511 339
510 339
509 339
508 339
507 339
507 340
507 341
507 342
507 343
507 344
507 345
508 346
508 347
508 348
508 349
508 350
508 351
508 352
507 352
506 352
505 352
504 352
503 352
502 352
501 352
500 352
499 352
498 352
497 352
496 352
495 352
494 352
493 352
492 352
491 352
490 352
489 352
488 352
487 352
486 352
485 352
484 352
483 352
482 352
481 352
480 352
479 352
478 352
477 352
476 352
475 352
474 352
473 352
472 352
471 352
470 352
469 352
468 352
467 352
466 352
465 352
464 352
463 352
462 352
461 352
460 352
459 352
458 352
457 352
456 352
455 352
454 352
453 352
452 352
451 352
450 352
449 352
448 352
447 352
446 353
445 353
444 353
443 354
442 354
441 354
440 355
439 355
438 355
437 356
436 356
435 356
434 357
433 357
493 351
493 350
493 349
493 348
493 347
493 346
492 345
492 344
492 343
492 342
492 341
492 340
492 339
478 351
478 350
478 349
478 348
478 347
478 346
477 345
477 344
477 343
477 342
477 341
477 340
477 339
463 351
463 350
463 349
463 348
463 347
463 346
462 345
462 344
462 343
462 342
462 341
462 340
462 339
508 353
508 354
508 355
508 356
508 357
508 358
508 359
508 360
508 361
508 362
508 363
508 364
508 365
508 366
508 367
507 367
506 367
505 367
504 367
503 367
502 367
501 367
500 367
499 367
498 367
497 367
496 367
495 367
494 367
493 367
492 367
491 367
490 367
489 367
488 367
487 367
486 367
485 367
484 367
483 367
482 367
481 367
480 367
479 367
478 367
477 367
476 367
475 367
474 368
473 368
472 368
471 368
470 368
469 368
468 368
467 369
466 369
465 369
464 369
509 368
510 368
511 369
512 370
513 370
514 371
515 371
516 372
517 373
518 373
519 374
519 375
519 376
519 377
518 378
518 379
518 380
518 381
518 382
518 383
518 384
518 385
517 386
517 387
517 388
517 389
516 389
515 389
514 389
513 389
512 389
511 389
510 389
509 389
508 389
507 389
506 389
505 389
504 389
503 389
502 389
501 389
500 388
499 388
498 388
497 388
496 388
495 388
494 388
493 388
492 387
491 387
490 387
489 386
488 386
487 385
486 385
485 385
484 384
483 384
482 384
481 384
480 384
479 384
478 384
477 384
476 384
475 384
474 384
473 384
472 384
472 385
472 386
472 387
472 388
472 389
472 390
472 391
472 392
472 393
472 394
472 395
472 396
472 397
472 398
472 399
471 399
470 399
469 400
468 400
467 400
466 400
465 401
464 401
463 401
462 401
461 402
460 402
459 402
471 384
470 384
469 385
468 385
467 385
466 385
465 386
464 386
463 386
462 386
461 387
460 387
459 387
473 399
474 400
475 400
476 400
477 401
478 401
479 401
480 402
481 402
482 402
483 403
484 403
458 402
457 402
456 402
455 402
454 402
453 402
452 402
451 402
450 402
449 402
448 402
447 402
446 402
445 402
444 402
443 402
443 401
443 400
443 399
443 398
443 397
443 396
443 395
443 394
443 393
443 392
443 391
443 390
443 389
443 388
443 387
442 386
441 386
440 385
439 384
438 384
437 383
436 382
435 382
434 381
433 380
432 380
431 379
442 403
441 403
440 404
439 404
438 405
437 406
436 406
435 407
434 407
433 408
432 408
431 409
485 403
486 403
487 403
488 403
489 403
490 403
491 403
492 404
493 404
494 404
495 404
496 404
497 404
498 404
499 404
432 378
433 378
434 377
435 377
436 376
437 376
438 375
439 374
440 374
441 373
442 373
443 372
431 410
431 411
431 412
431 413
431 414
431 415
431 416
431 417
431 418
431 419
431 420
431 421
431 422
430 422
429 422
428 422
427 422
426 422
425 422
424 422
423 422
422 422
421 422
420 422
419 422
418 422
417 422
416 422
431 408
431 407
430 406
430 405
430 404
430 403
430 402
429 401
429 400
429 399
429 398
429 397
428 396
428 395
428 394
500 404
501 404
502 404
503 404
504 404
505 404
506 404
507 404
508 404
509 404
510 404
511 404
512 404
513 404
514 404
432 422
433 422
434 422
435 422
436 422
437 422
438 422
439 422
440 422
441 422
442 422
443 422
444 422
445 422
446 422
515 404
516 404
517 404
518 404
519 404
520 404
521 404
522 404
523 404
524 404
525 404
526 404
527 404
528 404
529 404
530 404
447 422
448 422
449 422
450 422
451 422
452 422
453 422
454 422
455 422
456 422
457 422
458 422
459 422
460 422
461 422
530 403
531 402
531 401
531 400
532 399
532 398
532 397
533 396
533 395
533 394
533 393
534 392
534 391
534 390
535 389
535 388
536 388
537 388
538 388
539 387
540 387
541 387
542 387
543 387
544 387
545 387
546 387
547 386
548 386
549 386
550 386
462 422
463 422
464 422
465 422
466 422
467 422
468 422
469 422
470 422
471 422
472 422
473 422
474 422
475 422
476 422
550 385
550 384
550 383
550 382
550 381
550 380
550 379
549 378
549 377
549 376
549 375
549 374
549 373
549 372
549 371
550 387
550 388
550 389
550 390
550 391
550 392
550 393
549 394
549 395
549 396
549 397
549 398
549 399
549 400
549 401
477 422
478 422
479 422
480 422
481 422
482 422
483 422
484 422
485 422
486 422
487 422
488 422
489 422
490 422
491 422
492 422
493 422
494 422
495 422
496 422
497 422
498 422
499 422
500 422
501 422
502 422
503 422
504 422
505 422
506 422
507 422
508 422
509 422
510 422
511 422
512 422
513 422
514 422
515 422
516 422
517 422
518 422
519 422
520 422
521 422
522 422
523 422
524 422
525 422
526 422
527 422
528 422
529 422
530 422
531 422
532 422
533 422
534 422
535 422
536 422
537 422
538 422
539 422
540 422
541 422
542 422
543 422
544 422
545 422
546 422
547 422
548 422
549 422
550 422
551 422
551 423
551 424
551 425
552 426
552 427
552 428
552 429
552 430
552 431
552 432
552 433
553 434
553 435
553 436
553 437
552 437
551 437
550 437
549 437
548 437
547 437
546 437
545 437
544 437
543 437
542 437
541 437
540 437
539 437
538 437
537 437
536 437
535 437
534 437
533 437
532 437
531 437
530 437
529 437
528 437
527 437
526 437
525 437
524 437
523 437
522 437
521 437
520 437
519 437
518 437
517 437
516 437
515 437
514 437
513 437
512 437
511 437
510 437
509 437
508 437
507 437
506 437
505 437
504 437
503 437
502 437
501 437
500 437
499 437
498 437
497 437
496 437
495 437
494 437
493 437
492 437
491 437
490 437
489 437
488 437
487 437
486 437
485 437
484 437
483 437
482 437
481 437
480 437
479 437
478 437
477 437
476 437
475 437
474 437
473 437
472 437
471 437
470 437
469 437
468 437
467 437
466 437
465 437
464 437
463 437
462 437
461 437
460 437
459 437
458 437
457 437
456 437
455 437
454 437
453 437
452 437
451 437
450 437
449 437
448 437
447 437
446 437
445 437
444 437
443 437
442 437
441 437
440 437
439 437
438 437
437 437
436 437
435 437
434 437
433 437
432 437
431 437
430 437
429 437
428 437
427 437
426 437
425 437
424 437
423 437
422 437
421 437
420 437
419 437
418 437
417 437
416 438
415 438
414 439
413 439
412 439
411 440
410 440
409 441
408 441
407 441
406 442
405 442
404 443
403 443
403 442
403 441
403 440
402 439
402 438
402 437
402 436
402 435
402 434
402 433
402 432
401 431
401 430
401 429
401 428
400 428
399 428
398 428
397 429
396 429
395 429
394 429
393 429
392 429
391 429
390 429
389 430
388 430
387 430
386 430
385 430
384 430
383 430
382 430
381 430
380 430
379 430
378 430
377 430
376 430
375 430
374 430
373 430
372 430
371 430
370 430
369 430
368 430
367 430
366 430
365 430
364 430
363 429
362 429
361 429
360 429
359 429
358 429
357 429
356 429
356 428
356 427
355 426
355 425
355 424
355 423
355 422
354 421
354 420
354 419
354 418
354 417
353 416
353 415
353 414
353 413
353 412
353 411
353 410
353 409
353 408
353 407
353 406
353 405
353 404
353 403
353 402
353 401
353 400
353 399
355 429
354 429
353 429
352 429
351 429
350 429
349 429
348 429
347 429
346 429
345 429
344 429
343 429
342 429
341 429
340 429
339 429
338 429
337 429
336 429
335 429
334 429
333 429
332 429
331 429
330 429
329 429
328 429
327 429
326 429
325 429
324 429
323 429
322 429
321 429
320 429
319 429
318 429
317 429
316 429
315 429
314 429
313 429
312 429
311 429
310 428
309 427
308 426
307 425
307 424
306 423
305 422
304 421
303 420
341 428
340 427
340 426
340 425
340 424
339 423
339 422
339 421
339 420
338 419
338 418
326 428
325 427
325 426
325 425
325 424
324 423
324 422
324 421
324 420
323 419
323 418
401 427
400 426
400 425
400 424
400 423
399 422
399 421
399 420
398 419
398 418
398 417
398 416
397 415
397 414
310 430
309 431
308 431
307 432
306 433
305 434
304 434
303 435
356 430
356 431
356 432
356 433
356 434
356 435
356 436
356 437
356 438
356 439
356 440
356 441
356 442
356 443
402 443
401 443
400 443
399 444
398 444
397 444
396 444
395 444
353 398
353 397
353 396
353 395
353 394
353 393
353 392
353 391
371 429
370 428
370 427
370 426
370 425
369 424
369 423
369 422
369 421
368 420
368 419
554 437
555 437
556 437
557 437
558 437
559 437
560 437
561 437
562 437
563 437
564 437
565 437
566 437
567 437
568 437
369 419
370 418
371 418
372 417
373 417
374 417
375 416
376 416
377 415
378 415
378 414
378 413
378 412
378 411
378 410
378 409
378 408
378 407
378 406
378 405
378 404
378 403
378 402
378 401
378 400
354 390
354 389
355 388
355 387
356 386
356 385
357 384
357 383
358 382
358 381
359 380
359 379
360 378
360 377
360 376
360 375
360 374
360 373
360 372
360 371
360 370
360 369
360 368
360 367
360 366
360 365
360 364
360 363
360 362
356 444
356 445
356 446
356 447
356 448
356 449
355 450
355 451
355 452
355 453
355 454
355 455
355 456
359 377
358 377
357 377
356 377
355 377
354 377
353 377
352 376
351 376
350 376
349 376
348 376
347 376
346 376
345 376
302 435
301 435
300 435
299 435
298 435
297 435
296 435
295 435
294 435
293 434
292 434
291 434
290 434
289 434
288 434
287 434
286 434
285 434
284 434
345 375
345 374
345 373
345 372
345 371
345 370
345 369
345 368
345 367
345 366
345 365
345 364
345 363
345 362
345 361
395 445
395 446
395 447
395 448
395 449
395 450
395 451
395 452
395 453
395 454
395 455
395 456
395 457
395 458
395 459
398 413
399 413
400 412
401 411
402 411
403 410
404 410
405 409
406 408
407 408
408 407
409 406
410 406
411 405
284 433
284 432
284 431
284 430
284 429
284 428
284 427
284 426
284 425
284 424
284 423
284 422
377 399
376 398
375 397
374 396
373 395
372 394
344 377
343 377
342 378
341 378
340 379
339 379
338 380
337 380
336 381
335 381
334 382
333 382
569 436
570 436
571 435
572 435
573 434
574 434
575 433
576 433
577 432
578 432
579 431
580 431
581 430
582 430
583 429
583 428
583 427
583 426
583 425
583 424
583 423
583 422
583 421
583 420
583 419
583 418
583 417
583 416
583 415
583 414
396 459
397 459
398 459
399 459
400 459
401 459
402 458
403 458
404 458
405 458
406 458
407 458
408 458
361 377
362 376
363 376
364 376
365 375
366 375
367 375
368 374
369 374
370 374
371 373
372 373
373 373
374 372
375 372
355 457
355 458
355 459
355 460
355 461
355 462
355 463
355 464
355 465
355 466
355 467
355 468
355 469
355 470
355 471
354 471
353 472
352 472
351 473
350 473
349 473
348 474
347 474
346 475
345 475
344 475
343 476
342 476
341 477
340 477
333 383
333 384
333 385
333 386
334 387
334 388
334 389
334 390
334 391
334 392
334 393
334 394
335 395
335 396
335 397
335 398
335 399
333 381
333 380
332 379
332 378
332 377
332 376
331 375
331 374
331 373
331 372
331 371
330 370
330 369
330 368
340 476
340 475
340 474
340 473
340 472
340 471
340 470
340 469
340 468
340 467
340 466
340 465
340 464
340 463
340 462
375 371
375 370
375 369
375 368
375 367
375 366
375 365
375 364
375 363
375 362
375 361
375 360
375 359
375 358
375 357
283 422
282 422
281 422
280 422
279 422
278 422
277 422
276 422
275 422
274 422
273 422
272 422
271 422
270 422
269 422
339 478
338 478
337 479
336 479
335 480
334 480
333 481
332 481
331 482
330 482
329 483
328 483
583 413
582 412
582 411
582 410
581 409
581 408
580 407
580 406
580 405
579 404
579 403
584 429
585 428
586 428
587 427
588 427
589 427
590 426
591 426
592 425
593 425
594 425
595 424
596 424
597 423
598 423
598 422
598 421
598 420
598 419
598 418
598 417
598 416
598 415
598 414
598 413
598 412
598 411
598 410
598 409
598 408
583 430
584 431
584 432
585 433
585 434
585 435
586 436
586 437
587 438
587 439
587 440
588 441
588 442
589 443
589 444
580 402
580 401
581 400
582 399
583 398
583 397
584 396
585 395
585 394
586 393
376 372
377 371
378 371
379 370
380 370
381 370
382 369
383 369
384 368
385 368
386 368
387 367
388 367
389 366
390 366
356 471
357 470
358 470
359 470
360 470
361 469
362 469
363 469
364 469
365 468
366 468
367 468
368 468
369 467
370 467
327 483
326 483
325 483
324 482
323 482
322 482
321 482
320 482
319 482
318 482
317 482
316 481
315 481
314 481
313 481
269 423
269 424
269 425
269 426
269 427
269 428
269 429
269 430
269 431
269 432
269 433
269 434
269 435
268 435
267 435
266 435
265 435
264 435
263 435
262 435
261 435
260 435
259 435
258 435
257 435
256 435
255 435
254 435
254 434
254 433
254 432
254 431
254 430
254 429
254 428
254 427
254 426
254 425
254 424
254 423
254 422
253 422
252 422
251 422
250 422
249 422
248 422
247 422
246 422
245 422
244 422
243 422
242 422
313 482
313 483
313 484
313 485
313 486
313 487
313 488
313 489
313 490
313 491
313 492
313 493
313 494
598 424
599 425
599 426
600 427
600 428
600 429
601 430
601 431
602 432
602 433
602 434
603 435
603 436
604 437
604 438
587 393
588 393
589 393
590 393
591 393
592 393
593 393
594 392
595 392
596 392
597 392
598 392
599 392
600 392
601 392
391 366
392 366
393 366
394 366
395 366
396 366
397 366
398 365
399 365
400 365
401 365
402 365
403 365
404 365
405 365
370 468
371 469
371 470
372 471
372 472
372 473
373 474
373 475
374 476
374 477
374 478
375 479
375 480
376 481
376 482
375 482
374 483
373 483
372 483
371 483
370 484
369 484
368 484
367 484
366 485
365 485
364 485
363 485
362 486
361 486
360 486
359 487
358 487
357 488
356 488
355 488
354 489
353 489
352 490
351 490
350 490
349 491
348 491
347 492
346 492
312 494
311 494
310 494
309 493
308 493
307 493
306 493
305 493
304 493
303 493
302 493
301 492
300 492
299 492
298 492
298 491
298 490
298 489
298 488
298 487
298 486
298 485
298 484
298 483
298 482
298 481
298 480
298 479
298 478
298 477
242 423
242 424
241 425
241 426
241 427
241 428
240 429
240 430
240 431
240 432
239 433
239 434
239 435
238 435
237 435
236 435
235 435
234 435
233 435
232 435
231 435
230 435
229 435
228 435
227 435
226 435
225 435
224 435
223 435
222 435
221 435
220 435
219 435
218 435
217 435
216 435
215 435
214 435
213 435
212 435
211 435
210 435
209 435
208 435
207 435
206 435
205 435
204 435
203 435
202 435
201 435
200 435
199 435
198 435
197 435
196 435
195 435
194 435
193 435
192 435
191 435
190 435
189 435
188 435
187 435
186 435
185 435
184 435
183 435
182 435
181 435
180 435
179 435
178 435
177 435
176 435
175 435
174 435
173 435
172 435
171 435
170 435
169 435
168 435
167 435
166 435
165 435
164 435
224 434
224 433
225 432
225 431
225 430
225 429
226 428
226 427
226 426
226 425
226 424
227 423
227 422
227 421
209 434
209 433
210 432
210 431
210 430
210 429
211 428
211 427
211 426
211 425
211 424
212 423
212 422
212 421
194 434
194 433
195 432
195 431
195 430
195 429
196 428
196 427
196 426
196 425
196 424
197 423
197 422
197 421
179 434
179 433
180 432
180 431
180 430
180 429
181 428
181 427
181 426
181 425
181 424
182 423
182 422
182 421
345 493
344 494
343 495
342 496
341 497
340 497
339 498
338 499
337 500
336 501
335 502
377 482
378 481
379 481
380 481
381 480
382 480
383 480
384 479
385 479
386 479
387 478
388 478
389 478
390 477
391 477
406 366
406 367
407 368
407 369
408 370
408 371
409 372
409 373
410 374
297 476
297 475
296 474
296 473
295 472
294 471
294 470
293 469
293 468
292 467
292 466
291 465
297 493
296 494
295 495
294 496
293 497
602 392
603 392
604 392
605 392
606 392
607 392
608 392
609 392
610 392
611 392
612 392
613 392
614 392
615 392
616 392
405 364
406 363
406 362
407 361
407 360
407 359
408 358
408 357
409 356
409 355
409 354
410 353
410 352
411 351
411 350
392 478
393 478
394 479
395 480
396 480
397 481
398 482
399 483
400 483
401 484
362 487
362 488
363 489
364 490
364 491
365 492
366 493
366 494
367 495
368 496
368 497
369 498
370 499
370 500
371 501
370 501
369 502
368 502
367 503
366 503
365 503
364 504
363 504
362 505
361 505
360 505
359 506
358 506
357 507
356 507
164 434
164 433
164 432
164 431
164 430
164 429
164 428
165 427
165 426
165 425
165 424
165 423
165 422
165 421
165 420
410 350
409 350
408 350
407 350
406 350
405 350
404 350
403 350
402 350
401 350
400 350
399 350
398 350
397 350
396 350
411 349
411 348
411 347
411 346
411 345
411 344
411 343
411 342
411 341
411 340
411 339
411 338
411 337
411 336
411 335
292 464
292 463
293 462
293 461
294 460
294 459
295 458
296 457
296 456
297 455
297 454
298 453
298 452
299 451
617 393
617 394
618 395
618 396
619 397
619 398
620 399
620 400
621 401
621 402
622 403
622 404
623 405
164 420
163 420
162 420
161 419
160 419
159 419
158 419
157 419
156 419
155 419
154 419
153 418
152 418
151 418
150 418
356 508
356 509
355 510
355 511
355 512
355 513
355 514
354 515
354 516
354 517
354 518
354 519
353 520
353 521
353 522
300 451
301 451
302 451
303 450
304 450
305 450
306 450
307 450
308 450
309 450
310 449
311 449
312 449
313 449
401 485
401 486
401 487
401 488
401 489
401 490
401 491
402 492
402 493
402 494
402 495
402 496
402 497
402 498
402 499
617 392
618 392
619 392
620 391
621 391
622 391
623 391
624 391
625 391
626 391
627 391
628 390
629 390
630 390
631 390
624 406
624 407
625 408
625 409
626 410
626 411
627 412
627 413
628 414
631 389
630 388
630 387
630 386
630 385
629 384
629 383
629 382
629 381
628 380
628 379
628 378
628 377
627 376
627 375
403 499
404 498
405 498
406 497
407 497
408 496
409 496
410 496
411 495
412 495
413 494
414 494
415 493
416 493
416 492
416 491
416 490
416 489
416 488
416 487
416 486
416 485
416 484
416 483
416 482
416 481
416 480
416 479
416 478
313 450
313 451
313 452
313 453
313 454
313 455
313 456
313 457
313 458
150 419
149 420
149 421
149 422
148 423
148 424
148 425
148 426
147 427
147 428
147 429
146 430
146 431
146 432
145 433
145 434
627 374
627 373
627 372
627 371
628 370
628 369
628 368
628 367
628 366
632 390
633 390
634 390
635 390
636 390
637 390
638 390
639 389
640 389
641 389
642 389
643 389
644 389
645 389
646 389
646 390
646 391
645 392
645 393
645 394
645 395
645 396
645 397
644 398
644 399
644 400
644 401
644 402
643 403
643 404
643 405
628 365
628 364
628 363
628 362
628 361
628 360
628 359
628 358
628 357
628 356
628 355
628 354
628 353
628 352
628 351
628 350
628 349
628 348
627 347
627 346
627 345
627 344
627 343
627 342
627 341
627 340
626 339
626 338
626 337
626 336
144 434
143 433
142 433
141 432
140 432
139 431
138 431
137 430
136 430
135 429
134 429
133 428
132 428
131 429
130 430
129 431
128 432
127 433
126 434
125 435
124 436
123 437
122 438
121 439
131 428
130 427
129 427
128 427
127 426
126 426
125 426
124 425
123 425
122 424
121 424
120 424
119 423
118 423
117 423
116 422
115 422
626 335
626 334
626 333
627 332
627 331
627 330
627 329
627 328
627 327
627 326
628 325
628 324
628 323
628 322
628 321
628 320
627 319
627 318
627 317
627 316
627 315
627 314
626 313
626 312
626 311
626 310
625 337
624 337
623 338
622 338
621 339
620 340
619 340
618 341
617 342
616 342
615 343
614 343
613 344
625 310
624 310
623 311
622 311
621 311
620 311
619 311
618 312
617 312
616 312
615 312
614 312
613 313
612 313
611 313
610 313
609 313
608 313
607 313
606 313
605 313
604 313
603 314
602 314
601 314
600 314
599 314
598 314
597 314
596 314
116 421
117 420
117 419
118 418
119 417
120 416
121 415
122 414
122 413
123 412
124 411
114 423
113 423
112 424
111 425
110 425
109 426
108 427
107 427
106 428
626 309
626 308
626 307
627 306
627 305
627 304
627 303
627 302
627 301
627 300
627 299
628 298
628 297
628 296
628 295
612 344
611 344
610 344
609 344
608 344
607 344
606 344
605 344
604 344
603 344
602 344
602 343
602 342
602 341
602 340
602 339
602 338
602 337
602 336
602 335
602 334
602 333
602 332
602 331
602 330
602 329
602 345
601 346
601 347
600 348
600 349
600 350
599 351
599 352
598 353
598 354
601 344
600 343
599 343
598 343
597 342
596 342
595 342
594 341
593 341
592 341
591 340
590 340
589 340
588 339
587 339
586 338
585 338
584 337
583 337
582 336
581 335
580 335
579 334
578 334
577 333
576 333
575 332
598 355
598 356
598 357
598 358
598 359
598 360
598 361
598 362
598 363
598 364
598 365
598 366
598 367
598 368
598 369
598 370
598 371
598 372
598 373
597 374
597 375
597 376
597 377
596 377
595 377
594 377
593 377
592 377
591 377
590 377
589 378
588 378
587 378
586 378
585 378
584 378
583 378
582 378
576 331
577 330
577 329
578 328
579 327
580 326
580 325
581 324
575 333
575 334
574 335
574 336
574 337
574 338
574 339
573 340
573 341
573 342
573 343
573 344
572 345
572 346
572 347
581 323
580 322
580 321
579 320
579 319
579 318
578 317
578 316
577 315
577 314
577 313
576 312
576 311
575 310
575 309
581 379
580 380
579 381
578 382
577 383
576 383
575 384
574 385
573 386
572 387
571 388
575 308
575 307
575 306
575 305
575 304
575 303
575 302
575 301
575 300
575 299
575 298
575 297
575 296
575 295
575 294
576 294
577 295
578 295
579 296
580 296
581 296
582 297
583 297
584 298
585 298
586 299
587 299
582 377
582 376
582 375
582 374
582 373
582 372
582 371
583 370
583 369
583 368
583 367
583 366
583 365
583 364
583 363
583 362
576 293
576 292
577 291
577 290
578 289
579 288
579 287
580 286
580 285
581 284
588 299
589 299
590 299
591 299
592 299
593 299
594 299
595 298
596 298
597 298
598 298
599 298
600 298
601 298
602 298
582 284
583 284
584 284
585 284
586 284
587 284
588 284
589 283
590 283
591 283
592 283
593 283
594 283
595 283
596 283
597 283
598 282
599 282
600 281
601 281
602 281
603 280
604 280
605 279
606 279
607 279
608 278
609 278
610 277
611 277
612 277
613 277
614 277
615 276
616 276
617 276
618 276
619 276
620 276
621 276
622 276
623 275
624 275
625 275
626 275
626 274
626 273
626 272
626 271
626 270
626 269
625 268
625 267
625 266
625 265
625 264
625 263
625 262
625 261
832
646 389
644 159
643 405
640 144
631 390
629 165
628 414
628 351
627 375
626 310
626 275
626 238
626 201
625 150
625 135
616 392
613 344
611 313
611 277
611 239
611 205
610 158
604 438
602 329
602 298
602 262
602 224
602 117
601 392
598 423
598 408
598 354
597 377
597 143
596 314
596 283
596 247
596 209
596 194
596 179
595 164
589 444
587 339
587 299
587 268
587 232
587 128
587 113
586 393
583 429
583 414
583 362
582 378
582 149
581 324
581 284
581 253
581 217
581 202
581 187
580 166
572 115
568 437
557 115
554 197
553 437
553 349
553 270
553 255
553 240
553 225
552 334
552 319
552 304
552 289
551 422
550 386
550 160
542 125
542 110
539 210
539 195
538 437
538 353
538 274
538 249
537 303
536 422
527 125
527 110
524 205
523 437
523 353
523 275
523 249
522 303
521 422
521 234
520 320
515 190
514 404
512 144
512 125
512 110
509 205
508 437
508 367
508 352
508 282
508 267
507 305
506 422
506 243
506 228
505 321
500 190
499 404
497 145
497 125
497 110
494 205
493 437
493 367
493 352
493 277
492 306
491 422
491 244
491 229
490 321
485 190
484 403
482 144
482 125
482 110
479 205
478 437
478 367
478 352
478 276
477 306
476 422
476 248
476 233
475 321
472 291
470 190
467 125
467 110
464 205
463 437
463 352
463 276
462 306
461 422
461 247
461 232
460 321
452 125
452 110
449 205
448 437
448 352
448 275
447 301
446 422
446 247
443 402
443 387
443 372
442 232
442 155
441 337
441 322
441 190
441 175
437 125
437 110
434 217
433 437
433 357
433 286
433 271
432 307
431 422
431 252
427 236
426 342
426 327
426 202
422 114
422 66
419 218
418 437
416 493
416 478
416 422
415 51
414 275
412 260
412 150
411 350
411 290
411 203
408 458
408 99
408 84
407 114
407 69
406 245
406 188
405 365
405 305
403 443
401 484
401 428
399 275
398 230
397 260
397 150
396 320
396 290
392 125
391 245
391 191
390 366
390 305
386 430
384 275
384 215
384 176
383 230
382 260
382 150
381 332
381 290
378 415
378 400
377 125
376 482
376 245
376 60
375 372
375 317
371 501
371 430
371 75
371 45
370 467
369 275
369 215
369 184
369 169
368 230
367 260
366 339
366 302
362 125
361 486
361 245
361 60
360 377
360 362
360 324
356 507
356 429
356 148
356 87
356 45
355 471
355 456
354 287
354 215
354 184
354 169
353 414
353 399
353 230
352 272
351 343
351 309
347 124
346 492
346 257
346 72
345 376
345 328
341 429
341 147
341 57
341 42
340 477
339 294
339 215
339 184
339 169
338 242
337 279
336 343
336 313
335 399
332 125
331 264
330 328
326 429
326 147
324 298
324 227
324 212
324 184
324 169
323 249
322 283
321 344
321 313
317 117
316 268
313 481
313 458
313 58
312 91
312 76
311 429
311 147
309 298
309 234
308 253
307 283
304 219
304 204
304 189
304 174
304 132
302 343
302 328
302 313
302 117
301 268
298 492
298 477
298 61
297 77
294 298
294 238
293 253
292 283
286 268
284 434
282 223
282 208
282 162
282 147
282 123
282 108
281 400
281 385
281 367
281 352
281 337
281 322
279 307
279 238
278 253
277 292
271 277
269 435
268 193
267 223
267 208
267 162
267 124
267 109
266 345
266 330
264 315
264 238
263 262
262 300
256 285
254 435
252 223
252 208
252 162
252 124
252 109
251 345
251 330
249 315
249 247
248 270
247 300
241 366
241 285
240 399
240 384
239 435
237 232
237 217
237 202
237 162
237 124
237 109
236 345
236 330
234 315
234 255
233 270
232 300
226 285
224 435
222 240
222 225
222 210
222 162
222 124
222 109
221 345
221 330
219 315
219 255
218 270
217 300
211 285
209 435
207 240
207 225
207 210
207 162
207 124
207 109
206 344
204 329
204 255
203 270
202 314
196 299
194 435
193 365
193 195
193 180
192 240
192 225
192 210
192 162
192 124
192 109
191 350
189 335
189 255
188 284
187 320
183 147
181 305
179 435
177 124
177 109
174 269
173 290
166 313
165 420
165 381
165 366
165 162
165 147
164 435
164 398
164 351
164 186
163 336
163 254
163 231
162 216
162 201
162 123
162 108
159 275
158 298
151 314
147 123
147 108
144 281
144 266
136 314
136 251
135 391
135 376
134 342
134 225
134 184
134 167
134 152
129 288
129 273
127 122
127 107
124 411
123 137
121 323
121 258
119 233
119 184
119 167
119 152
115 361
114 285
112 118
106 428
106 323
106 270
106 202
104 234
104 184
104 152
100 361
99 285
98 255
91 323
91 270
87 166
86 183
85 361
71 183
70 359
64 289
63 308
63 255
63 235
56 183
55 393
55 359
55 153
30 183
29 359
22 333
22 215
537 338
147 202
119 342
87 143
396 350
392 59
256 383
181 382
149 360
103 342
293 46
572 347
513 175
471 175
345 361
91 221
494 175
149 186
330 368
538 234
354 109
102 390
356 30
222 195
196 382
116 308
430 143
340 462
132 203
88 377
375 357
108 219
300 159
411 335
264 178
575 309
227 421
212 421
197 421
182 421
181 398
134 360
522 339
428 394
392 110
211 382
71 137
463 262
178 231
535 388
40 384
283 193
335 502
409 173
572 269
149 228
208 195
629 186
152 383
529 158
395 459
303 372
299 451
252 193
149 345
537 289
189 270
539 323
507 339
492 339
477 339
462 339
350 202
332 112
269 422
256 399
254 422
106 167
101 310
51 333
39 158
112 103
571 388
472 399
49 210
626 336
328 483
226 383
576 238
156 171
304 397
328 61
179 362
464 369
153 329
335 202
303 420
300 98
286 62
554 212
625 261
566 159
517 389
411 405
396 95
371 113
284 422
65 341
65 204
427 157
177 205
456 192
396 80
155 246
132 428
494 264
123 218
365 203
86 401
519 290
431 379
471 142
458 160
179 183
569 197
457 291
628 223
446 262
400 50
91 236
391 477
374 143
339 230
152 398
72 328
628 295
478 263
44 352
519 374
471 160
459 402
459 387
459 145
338 418
323 418
270 400
268 366
262 147
237 187
200 147
196 398
121 439
71 403
71 155
38 334
341 83
307 358
178 254
596 103
546 148
91 291
271 383
20 202
442 142
24 174
549 183
103 377
56 140
549 371
152 145
113 249
242 422
72 214
38 215
320 329
284 181
274 142
397 414
71 388
575 294
517 160
505 161
494 388
494 160
308 49
237 147
225 147
212 147
145 434
136 329
78 344
623 405
521 224
519 260
313 494
178 345
581 103
249 180
150 418
110 137
115 422
581 134
538 264
369 290
332 33
300 144
375 32
45 183
433 172
424 312
372 394
21 324
322 202
575 332
545 168
431 409
549 401
506 389
483 384
483 161
476 224
472 384
426 190
353 522
250 147
210 365
78 199
529 143
183 162
460 223
210 180
180 220
100 132
579 403
91 310
228 366
91 252
74 268
20 187
566 106
487 297
313 449
60 279
551 130
539 225
402 499
264 253
117 387
303 435
159 261
628 322
443 290
407 129
356 443
21 353
530 404
361 75
333 382
257 366
91 346
79 253
79 238
628 366
410 374
398 202
395 444
291 465
227 180
154 290
238 360
626 171
485 175
57 382
36 200
643 237
598 369
353 391
249 262
203 285
576 223
395 178
306 382
152 368
134 239
602 344
602 132
152 217
38 324
639 135
381 305
369 87
293 497
252 238
164 138
136 296
396 219
368 419
